This file contains any messages produced by compilers while
running configure, to aid debugging if configure makes a mistake.

It was created by OGLFT configure 0.9, which was
generated by GNU Autoconf 2.57.  Invocation command line was

  $ ./configure --disable-qt

## --------- ##
## Platform. ##
## --------- ##

hostname = noccy-aspire
uname -m = i686
uname -r = 3.2.0-27-generic
uname -s = Linux
uname -v = #43-Ubuntu SMP Fri Jul 6 14:46:35 UTC 2012

/usr/bin/uname -p = unknown
/bin/uname -X     = unknown

/bin/arch              = unknown
/usr/bin/arch -k       = unknown
/usr/convex/getsysinfo = unknown
hostinfo               = unknown
/bin/machine           = unknown
/usr/bin/oslevel       = unknown
/bin/universe          = unknown

PATH: /home/noccy/bin
PATH: /usr/lib/lightdm/lightdm
PATH: /usr/local/sbin
PATH: /usr/local/bin
PATH: /usr/sbin
PATH: /usr/bin
PATH: /sbin
PATH: /bin
PATH: /usr/games


## ----------- ##
## Core tests. ##
## ----------- ##

configure:1504: checking for a BSD-compatible install
configure:1558: result: /usr/bin/install -c
configure:1569: checking whether build environment is sane
configure:1612: result: yes
configure:1645: checking for gawk
configure:1661: found /usr/bin/gawk
configure:1671: result: gawk
configure:1681: checking whether make sets $(MAKE)
configure:1701: result: yes
configure:1907: checking for g++
configure:1923: found /usr/bin/g++
configure:1933: result: g++
configure:1949: checking for C++ compiler version
configure:1952: g++ --version </dev/null >&5
g++ (Ubuntu/Linaro 4.6.3-1ubuntu5) 4.6.3
Copyright (C) 2011 Free Software Foundation, Inc.
This is free software; see the source for copying conditions.  There is NO
warranty; not even for MERCHANTABILITY or FITNESS FOR A PARTICULAR PURPOSE.

configure:1955: $? = 0
configure:1957: g++ -v </dev/null >&5
Using built-in specs.
COLLECT_GCC=g++
COLLECT_LTO_WRAPPER=/usr/lib/gcc/i686-linux-gnu/4.6/lto-wrapper
Target: i686-linux-gnu
Configured with: ../src/configure -v --with-pkgversion='Ubuntu/Linaro 4.6.3-1ubuntu5' --with-bugurl=file:///usr/share/doc/gcc-4.6/README.Bugs --enable-languages=c,c++,fortran,objc,obj-c++ --prefix=/usr --program-suffix=-4.6 --enable-shared --enable-linker-build-id --with-system-zlib --libexecdir=/usr/lib --without-included-gettext --enable-threads=posix --with-gxx-include-dir=/usr/include/c++/4.6 --libdir=/usr/lib --enable-nls --with-sysroot=/ --enable-clocale=gnu --enable-libstdcxx-debug --enable-libstdcxx-time=yes --enable-gnu-unique-object --enable-plugin --enable-objc-gc --enable-targets=all --disable-werror --with-arch-32=i686 --with-tune=generic --enable-checking=release --build=i686-linux-gnu --host=i686-linux-gnu --target=i686-linux-gnu
Thread model: posix
gcc version 4.6.3 (Ubuntu/Linaro 4.6.3-1ubuntu5) 
configure:1960: $? = 0
configure:1962: g++ -V </dev/null >&5
g++: error: unrecognized option '-V'
g++: fatal error: no input files
compilation terminated.
configure:1965: $? = 4
configure:1989: checking for C++ compiler default output
configure:1992: g++    conftest.cc  >&5
configure:1995: $? = 0
configure:2041: result: a.out
configure:2046: checking whether the C++ compiler works
configure:2052: ./a.out
configure:2055: $? = 0
configure:2072: result: yes
configure:2079: checking whether we are cross compiling
configure:2081: result: no
configure:2084: checking for suffix of executables
configure:2086: g++ -o conftest    conftest.cc  >&5
configure:2089: $? = 0
configure:2114: result: 
configure:2120: checking for suffix of object files
configure:2142: g++ -c   conftest.cc >&5
configure:2145: $? = 0
configure:2167: result: o
configure:2171: checking whether we are using the GNU C++ compiler
configure:2196: g++ -c   conftest.cc >&5
configure:2199: $? = 0
configure:2202: test -s conftest.o
configure:2205: $? = 0
configure:2218: result: yes
configure:2224: checking whether g++ accepts -g
configure:2246: g++ -c -g  conftest.cc >&5
configure:2249: $? = 0
configure:2252: test -s conftest.o
configure:2255: $? = 0
configure:2266: result: yes
configure:2310: g++ -c -g -O2  conftest.cc >&5
configure:2313: $? = 0
configure:2316: test -s conftest.o
configure:2319: $? = 0
configure:2346: g++ -c -g -O2  conftest.cc >&5
configure: In function 'int main()':
configure:2343:9: error: 'exit' was not declared in this scope
configure:2349: $? = 1
configure: failed program was:
| #line 2329 "configure"
| /* confdefs.h.  */
| 
| #define PACKAGE_NAME "OGLFT"
| #define PACKAGE_TARNAME "oglft"
| #define PACKAGE_VERSION "0.9"
| #define PACKAGE_STRING "OGLFT 0.9"
| #define PACKAGE_BUGREPORT "oglft@lignumcomputing.com"
| #define PACKAGE "oglft"
| #define VERSION "0.9"
| /* end confdefs.h.  */
| 
| int
| main ()
| {
| exit (42);
|   ;
|   return 0;
| }
configure:2310: g++ -c -g -O2  conftest.cc >&5
configure:2313: $? = 0
configure:2316: test -s conftest.o
configure:2319: $? = 0
configure:2346: g++ -c -g -O2  conftest.cc >&5
configure:2349: $? = 0
configure:2352: test -s conftest.o
configure:2355: $? = 0
configure:2397: checking for style of include used by make
configure:2425: result: GNU
configure:2453: checking dependency style of g++
configure:2515: result: gcc3
configure:2532: checking for a BSD-compatible install
configure:2586: result: /usr/bin/install -c
configure:2669: checking build system type
configure:2687: result: i686-pc-linux-gnu
configure:2695: checking host system type
configure:2709: result: i686-pc-linux-gnu
configure:2763: checking for gcc
configure:2779: found /usr/bin/gcc
configure:2789: result: gcc
configure:3033: checking for C compiler version
configure:3036: gcc --version </dev/null >&5
gcc (Ubuntu/Linaro 4.6.3-1ubuntu5) 4.6.3
Copyright (C) 2011 Free Software Foundation, Inc.
This is free software; see the source for copying conditions.  There is NO
warranty; not even for MERCHANTABILITY or FITNESS FOR A PARTICULAR PURPOSE.

configure:3039: $? = 0
configure:3041: gcc -v </dev/null >&5
Using built-in specs.
COLLECT_GCC=gcc
COLLECT_LTO_WRAPPER=/usr/lib/gcc/i686-linux-gnu/4.6/lto-wrapper
Target: i686-linux-gnu
Configured with: ../src/configure -v --with-pkgversion='Ubuntu/Linaro 4.6.3-1ubuntu5' --with-bugurl=file:///usr/share/doc/gcc-4.6/README.Bugs --enable-languages=c,c++,fortran,objc,obj-c++ --prefix=/usr --program-suffix=-4.6 --enable-shared --enable-linker-build-id --with-system-zlib --libexecdir=/usr/lib --without-included-gettext --enable-threads=posix --with-gxx-include-dir=/usr/include/c++/4.6 --libdir=/usr/lib --enable-nls --with-sysroot=/ --enable-clocale=gnu --enable-libstdcxx-debug --enable-libstdcxx-time=yes --enable-gnu-unique-object --enable-plugin --enable-objc-gc --enable-targets=all --disable-werror --with-arch-32=i686 --with-tune=generic --enable-checking=release --build=i686-linux-gnu --host=i686-linux-gnu --target=i686-linux-gnu
Thread model: posix
gcc version 4.6.3 (Ubuntu/Linaro 4.6.3-1ubuntu5) 
configure:3044: $? = 0
configure:3046: gcc -V </dev/null >&5
gcc: error: unrecognized option '-V'
gcc: fatal error: no input files
compilation terminated.
configure:3049: $? = 4
configure:3052: checking whether we are using the GNU C compiler
configure:3077: gcc -c   conftest.c >&5
configure:3080: $? = 0
configure:3083: test -s conftest.o
configure:3086: $? = 0
configure:3099: result: yes
configure:3105: checking whether gcc accepts -g
configure:3127: gcc -c -g  conftest.c >&5
configure:3130: $? = 0
configure:3133: test -s conftest.o
configure:3136: $? = 0
configure:3147: result: yes
configure:3164: checking for gcc option to accept ANSI C
configure:3225: gcc  -c -g -O2  conftest.c >&5
configure:3228: $? = 0
configure:3231: test -s conftest.o
configure:3234: $? = 0
configure:3252: result: none needed
configure:3270: gcc -c -g -O2  conftest.c >&5
conftest.c:2:3: error: unknown type name 'choke'
conftest.c:2:3: error: expected '=', ',', ';', 'asm' or '__attribute__' at end of input
configure:3273: $? = 1
configure: failed program was:
| #ifndef __cplusplus
|   choke me
| #endif
configure:3384: checking dependency style of gcc
configure:3446: result: gcc3
configure:3473: checking for ld used by GCC
configure:3536: result: /usr/bin/ld
configure:3545: checking if the linker (/usr/bin/ld) is GNU ld
GNU ld (GNU Binutils for Ubuntu) 2.22
configure:3557: result: yes
configure:3562: checking for /usr/bin/ld option to reload object files
configure:3569: result: -r
configure:3574: checking for BSD-compatible nm
configure:3610: result: /usr/bin/nm -B
configure:3613: checking for a sed that does not truncate output
configure:3695: result: /bin/sed
configure:3698: checking whether ln -s works
configure:3702: result: yes
configure:3709: checking how to recognise dependent libraries
configure:3890: result: pass_all
configure:3903: checking command to parse /usr/bin/nm -B output
configure:3987: gcc -c -g -O2  conftest.c >&5
configure:3990: $? = 0
configure:3994: /usr/bin/nm -B conftest.o \| sed -n -e 's/^.*[ 	]\([ABCDGISTW][ABCDGISTW]*\)[ 	][ 	]*\(\)\([_A-Za-z][_A-Za-z0-9]*\)$/\1 \2\3 \3/p' \> conftest.nm
configure:3997: $? = 0
configure:4049: gcc -o conftest -g -O2   conftest.c conftstm.o >&5
configure:4052: $? = 0
configure:4096: result: ok
configure:4105: checking how to run the C preprocessor
configure:4141: gcc -E  conftest.c
configure:4147: $? = 0
configure:4179: gcc -E  conftest.c
configure:4183:28: fatal error: ac_nonexistent.h: No such file or directory
compilation terminated.
configure:4185: $? = 1
configure: failed program was:
| #line 4170 "configure"
| /* confdefs.h.  */
| 
| #define PACKAGE_NAME "OGLFT"
| #define PACKAGE_TARNAME "oglft"
| #define PACKAGE_VERSION "0.9"
| #define PACKAGE_STRING "OGLFT 0.9"
| #define PACKAGE_BUGREPORT "oglft@lignumcomputing.com"
| #define PACKAGE "oglft"
| #define VERSION "0.9"
| #ifdef __cplusplus
| #include <stdlib.h>
| #endif
| /* end confdefs.h.  */
| #include <ac_nonexistent.h>
configure:4223: result: gcc -E
configure:4248: gcc -E  conftest.c
configure:4254: $? = 0
configure:4286: gcc -E  conftest.c
configure:4290:28: fatal error: ac_nonexistent.h: No such file or directory
compilation terminated.
configure:4292: $? = 1
configure: failed program was:
| #line 4277 "configure"
| /* confdefs.h.  */
| 
| #define PACKAGE_NAME "OGLFT"
| #define PACKAGE_TARNAME "oglft"
| #define PACKAGE_VERSION "0.9"
| #define PACKAGE_STRING "OGLFT 0.9"
| #define PACKAGE_BUGREPORT "oglft@lignumcomputing.com"
| #define PACKAGE "oglft"
| #define VERSION "0.9"
| #ifdef __cplusplus
| #include <stdlib.h>
| #endif
| /* end confdefs.h.  */
| #include <ac_nonexistent.h>
configure:4335: checking for egrep
configure:4345: result: grep -E
configure:4350: checking for ANSI C header files
configure:4376: gcc -c -g -O2  conftest.c >&5
configure:4379: $? = 0
configure:4382: test -s conftest.o
configure:4385: $? = 0
configure:4477: gcc -o conftest -g -O2   conftest.c  >&5
configure: In function 'main':
configure:4475:7: warning: incompatible implicit declaration of built-in function 'exit' [enabled by default]
configure:4480: $? = 0
configure:4482: ./conftest
configure:4485: $? = 0
configure:4500: result: yes
configure:4524: checking for sys/types.h
configure:4541: gcc -c -g -O2  conftest.c >&5
configure:4544: $? = 0
configure:4547: test -s conftest.o
configure:4550: $? = 0
configure:4561: result: yes
configure:4524: checking for sys/stat.h
configure:4541: gcc -c -g -O2  conftest.c >&5
configure:4544: $? = 0
configure:4547: test -s conftest.o
configure:4550: $? = 0
configure:4561: result: yes
configure:4524: checking for stdlib.h
configure:4541: gcc -c -g -O2  conftest.c >&5
configure:4544: $? = 0
configure:4547: test -s conftest.o
configure:4550: $? = 0
configure:4561: result: yes
configure:4524: checking for string.h
configure:4541: gcc -c -g -O2  conftest.c >&5
configure:4544: $? = 0
configure:4547: test -s conftest.o
configure:4550: $? = 0
configure:4561: result: yes
configure:4524: checking for memory.h
configure:4541: gcc -c -g -O2  conftest.c >&5
configure:4544: $? = 0
configure:4547: test -s conftest.o
configure:4550: $? = 0
configure:4561: result: yes
configure:4524: checking for strings.h
configure:4541: gcc -c -g -O2  conftest.c >&5
configure:4544: $? = 0
configure:4547: test -s conftest.o
configure:4550: $? = 0
configure:4561: result: yes
configure:4524: checking for inttypes.h
configure:4541: gcc -c -g -O2  conftest.c >&5
configure:4544: $? = 0
configure:4547: test -s conftest.o
configure:4550: $? = 0
configure:4561: result: yes
configure:4524: checking for stdint.h
configure:4541: gcc -c -g -O2  conftest.c >&5
configure:4544: $? = 0
configure:4547: test -s conftest.o
configure:4550: $? = 0
configure:4561: result: yes
configure:4524: checking for unistd.h
configure:4541: gcc -c -g -O2  conftest.c >&5
configure:4544: $? = 0
configure:4547: test -s conftest.o
configure:4550: $? = 0
configure:4561: result: yes
configure:4587: checking dlfcn.h usability
configure:4600: gcc -c -g -O2  conftest.c >&5
configure:4603: $? = 0
configure:4606: test -s conftest.o
configure:4609: $? = 0
configure:4619: result: yes
configure:4623: checking dlfcn.h presence
configure:4634: gcc -E  conftest.c
configure:4640: $? = 0
configure:4659: result: yes
configure:4695: checking for dlfcn.h
configure:4702: result: yes
configure:4900: checking for ranlib
configure:4916: found /usr/bin/ranlib
configure:4927: result: ranlib
configure:4980: checking for strip
configure:4996: found /usr/bin/strip
configure:5007: result: strip
configure:5217: checking for objdir
configure:5228: result: .libs
configure:5245: checking for gcc option to produce PIC
configure:5391: result: -fPIC
configure:5395: checking if gcc PIC flag -fPIC works
configure:5419: gcc -c -g -O2 -fPIC -DPIC  conftest.c >&5
configure:5422: $? = 0
configure:5425: test -s conftest.o
configure:5428: $? = 0
configure:5466: result: yes
configure:5482: checking if gcc static flag -static works
configure:5507: gcc -o conftest -g -O2   -static conftest.c  >&5
configure:5510: $? = 0
configure:5513: test -s conftest
configure:5516: $? = 0
configure:5532: result: yes
configure:5544: checking if gcc supports -c -o file.o
configure:5564: gcc -c -g -O2 -o out/conftest2.o  conftest.c >&5
configure:5588: result: yes
configure:5593: checking if gcc supports -c -o file.lo
configure:5621: gcc -c -g -O2 -c -o conftest.lo  conftest.c >&5
configure:5624: $? = 0
configure:5627: test -s conftest.lo
configure:5630: $? = 0
configure:5652: result: yes
configure:5683: checking if gcc supports -fno-rtti -fno-exceptions
configure:5706: gcc -c -g -O2 -fno-rtti -fno-exceptions -c conftest.c  conftest.c >&5
cc1: warning: command line option '-fno-rtti' is valid for C++/ObjC++ but not for C [enabled by default]
cc1: warning: command line option '-fno-rtti' is valid for C++/ObjC++ but not for C [enabled by default]
configure:5709: $? = 0
configure:5712: test -s conftest.o
configure:5715: $? = 0
configure:5732: result: yes
configure:5743: checking whether the linker (/usr/bin/ld) supports shared libraries
configure:6438: result: yes
configure:6443: checking how to hardcode library paths into programs
configure:6467: result: immediate
configure:6472: checking whether stripping libraries is possible
configure:6477: result: yes
configure:6488: checking dynamic linker characteristics
configure:6919: result: GNU/Linux ld.so
configure:6924: checking if libtool supports shared libraries
configure:6926: result: yes
configure:6929: checking whether to build shared libraries
configure:6950: result: yes
configure:6953: checking whether to build static libraries
configure:6957: result: yes
configure:7631: checking whether -lc should be explicitly linked in
configure:7639: gcc -c -g -O2  conftest.c >&5
configure:7642: $? = 0
configure:7656: gcc -shared conftest.o  -v -Wl,-soname -Wl,conftest -o conftest 2\>\&1 \| grep  -lc  \>/dev/null 2\>\&1
configure:7659: $? = 0
configure:7672: result: no
configure:8245: checking whether make sets $(MAKE)
configure:8265: result: yes
configure:8277: checking for sqrt in -lm
configure:8308: gcc -o conftest -g -O2   conftest.c -lm   >&5
configure:8315:6: warning: conflicting types for built-in function 'sqrt' [enabled by default]
configure:8311: $? = 0
configure:8314: test -s conftest
configure:8317: $? = 0
configure:8329: result: yes
configure:8341: checking for glGetString in -lGL
configure:8372: gcc -o conftest -g -O2   conftest.c -lGL  -lm  >&5
configure:8375: $? = 0
configure:8378: test -s conftest
configure:8381: $? = 0
configure:8393: result: yes
configure:8405: checking for gluGetString in -lGLU
configure:8436: gcc -o conftest -g -O2   conftest.c -lGLU  -lGL -lm  >&5
configure:8439: $? = 0
configure:8442: test -s conftest
configure:8445: $? = 0
configure:8457: result: yes
configure:8470: checking for FT_Init_FreeType in -lfreetype
configure:8501: gcc -o conftest -g -O2   conftest.c -lfreetype  -lGLU -lGL -lm  >&5
configure:8504: $? = 0
configure:8507: test -s conftest
configure:8510: $? = 0
configure:8522: result: yes
configure:8537: checking for ANSI C header files
configure:8687: result: yes
configure:8706: checking for stdlib.h
configure:8711: result: yes
configure:8706: checking for unistd.h
configure:8711: result: yes
configure:8715: checking GL/gl.h usability
configure:8728: gcc -c -g -O2  conftest.c >&5
configure:8731: $? = 0
configure:8734: test -s conftest.o
configure:8737: $? = 0
configure:8747: result: yes
configure:8751: checking GL/gl.h presence
configure:8762: gcc -E  conftest.c
configure:8768: $? = 0
configure:8787: result: yes
configure:8823: checking for GL/gl.h
configure:8830: result: yes
configure:8715: checking GL/glu.h usability
configure:8728: gcc -c -g -O2  conftest.c >&5
configure:8731: $? = 0
configure:8734: test -s conftest.o
configure:8737: $? = 0
configure:8747: result: yes
configure:8751: checking GL/glu.h presence
configure:8762: gcc -E  conftest.c
configure:8768: $? = 0
configure:8787: result: yes
configure:8823: checking for GL/glu.h
configure:8830: result: yes
configure:8715: checking GL/glut.h usability
configure:8728: gcc -c -g -O2  conftest.c >&5
configure:8784:21: fatal error: GL/glut.h: No such file or directory
compilation terminated.
configure:8731: $? = 1
configure: failed program was:
| #line 8717 "configure"
| /* confdefs.h.  */
| 
| #define PACKAGE_NAME "OGLFT"
| #define PACKAGE_TARNAME "oglft"
| #define PACKAGE_VERSION "0.9"
| #define PACKAGE_STRING "OGLFT 0.9"
| #define PACKAGE_BUGREPORT "oglft@lignumcomputing.com"
| #define PACKAGE "oglft"
| #define VERSION "0.9"
| #ifdef __cplusplus
| #include <stdlib.h>
| #endif
| #define STDC_HEADERS 1
| #define HAVE_SYS_TYPES_H 1
| #define HAVE_SYS_STAT_H 1
| #define HAVE_STDLIB_H 1
| #define HAVE_STRING_H 1
| #define HAVE_MEMORY_H 1
| #define HAVE_STRINGS_H 1
| #define HAVE_INTTYPES_H 1
| #define HAVE_STDINT_H 1
| #define HAVE_UNISTD_H 1
| #define HAVE_DLFCN_H 1
| #define HAVE_LIBM 1
| #define HAVE_LIBGL 1
| #define HAVE_LIBGLU 1
| #define HAVE_LIBFREETYPE 1
| #define STDC_HEADERS 1
| #define HAVE_STDLIB_H 1
| #define HAVE_UNISTD_H 1
| #define HAVE_GL_GL_H 1
| #define HAVE_GL_GLU_H 1
| /* end confdefs.h.  */
| #include <stdio.h>
| #if HAVE_SYS_TYPES_H
| # include <sys/types.h>
| #endif
| #if HAVE_SYS_STAT_H
| # include <sys/stat.h>
| #endif
| #if STDC_HEADERS
| # include <stdlib.h>
| # include <stddef.h>
| #else
| # if HAVE_STDLIB_H
| #  include <stdlib.h>
| # endif
| #endif
| #if HAVE_STRING_H
| # if !STDC_HEADERS && HAVE_MEMORY_H
| #  include <memory.h>
| # endif
| # include <string.h>
| #endif
| #if HAVE_STRINGS_H
| # include <strings.h>
| #endif
| #if HAVE_INTTYPES_H
| # include <inttypes.h>
| #else
| # if HAVE_STDINT_H
| #  include <stdint.h>
| # endif
| #endif
| #if HAVE_UNISTD_H
| # include <unistd.h>
| #endif
| #include <GL/glut.h>
configure:8747: result: no
configure:8751: checking GL/glut.h presence
configure:8762: gcc -E  conftest.c
configure:8786:21: fatal error: GL/glut.h: No such file or directory
compilation terminated.
configure:8768: $? = 1
configure: failed program was:
| #line 8753 "configure"
| /* confdefs.h.  */
| 
| #define PACKAGE_NAME "OGLFT"
| #define PACKAGE_TARNAME "oglft"
| #define PACKAGE_VERSION "0.9"
| #define PACKAGE_STRING "OGLFT 0.9"
| #define PACKAGE_BUGREPORT "oglft@lignumcomputing.com"
| #define PACKAGE "oglft"
| #define VERSION "0.9"
| #ifdef __cplusplus
| #include <stdlib.h>
| #endif
| #define STDC_HEADERS 1
| #define HAVE_SYS_TYPES_H 1
| #define HAVE_SYS_STAT_H 1
| #define HAVE_STDLIB_H 1
| #define HAVE_STRING_H 1
| #define HAVE_MEMORY_H 1
| #define HAVE_STRINGS_H 1
| #define HAVE_INTTYPES_H 1
| #define HAVE_STDINT_H 1
| #define HAVE_UNISTD_H 1
| #define HAVE_DLFCN_H 1
| #define HAVE_LIBM 1
| #define HAVE_LIBGL 1
| #define HAVE_LIBGLU 1
| #define HAVE_LIBFREETYPE 1
| #define STDC_HEADERS 1
| #define HAVE_STDLIB_H 1
| #define HAVE_UNISTD_H 1
| #define HAVE_GL_GL_H 1
| #define HAVE_GL_GLU_H 1
| /* end confdefs.h.  */
| #include <GL/glut.h>
configure:8787: result: no
configure:8823: checking for GL/glut.h
configure:8830: result: no
configure:8853: checking ft2build.h usability
configure:8866: gcc -c -g -O2  conftest.c >&5
In file included from configure:8922:0:
/usr/include/ft2build.h:56:38: fatal error: freetype/config/ftheader.h: No such file or directory
compilation terminated.
configure:8869: $? = 1
configure: failed program was:
| #line 8855 "configure"
| /* confdefs.h.  */
| 
| #define PACKAGE_NAME "OGLFT"
| #define PACKAGE_TARNAME "oglft"
| #define PACKAGE_VERSION "0.9"
| #define PACKAGE_STRING "OGLFT 0.9"
| #define PACKAGE_BUGREPORT "oglft@lignumcomputing.com"
| #define PACKAGE "oglft"
| #define VERSION "0.9"
| #ifdef __cplusplus
| #include <stdlib.h>
| #endif
| #define STDC_HEADERS 1
| #define HAVE_SYS_TYPES_H 1
| #define HAVE_SYS_STAT_H 1
| #define HAVE_STDLIB_H 1
| #define HAVE_STRING_H 1
| #define HAVE_MEMORY_H 1
| #define HAVE_STRINGS_H 1
| #define HAVE_INTTYPES_H 1
| #define HAVE_STDINT_H 1
| #define HAVE_UNISTD_H 1
| #define HAVE_DLFCN_H 1
| #define HAVE_LIBM 1
| #define HAVE_LIBGL 1
| #define HAVE_LIBGLU 1
| #define HAVE_LIBFREETYPE 1
| #define STDC_HEADERS 1
| #define HAVE_STDLIB_H 1
| #define HAVE_UNISTD_H 1
| #define HAVE_GL_GL_H 1
| #define HAVE_GL_GLU_H 1
| /* end confdefs.h.  */
| #include <stdio.h>
| #if HAVE_SYS_TYPES_H
| # include <sys/types.h>
| #endif
| #if HAVE_SYS_STAT_H
| # include <sys/stat.h>
| #endif
| #if STDC_HEADERS
| # include <stdlib.h>
| # include <stddef.h>
| #else
| # if HAVE_STDLIB_H
| #  include <stdlib.h>
| # endif
| #endif
| #if HAVE_STRING_H
| # if !STDC_HEADERS && HAVE_MEMORY_H
| #  include <memory.h>
| # endif
| # include <string.h>
| #endif
| #if HAVE_STRINGS_H
| # include <strings.h>
| #endif
| #if HAVE_INTTYPES_H
| # include <inttypes.h>
| #else
| # if HAVE_STDINT_H
| #  include <stdint.h>
| # endif
| #endif
| #if HAVE_UNISTD_H
| # include <unistd.h>
| #endif
| #include <ft2build.h>
configure:8885: result: no
configure:8889: checking ft2build.h presence
configure:8900: gcc -E  conftest.c
In file included from configure:8924:0:
/usr/include/ft2build.h:56:38: fatal error: freetype/config/ftheader.h: No such file or directory
compilation terminated.
configure:8906: $? = 1
configure: failed program was:
| #line 8891 "configure"
| /* confdefs.h.  */
| 
| #define PACKAGE_NAME "OGLFT"
| #define PACKAGE_TARNAME "oglft"
| #define PACKAGE_VERSION "0.9"
| #define PACKAGE_STRING "OGLFT 0.9"
| #define PACKAGE_BUGREPORT "oglft@lignumcomputing.com"
| #define PACKAGE "oglft"
| #define VERSION "0.9"
| #ifdef __cplusplus
| #include <stdlib.h>
| #endif
| #define STDC_HEADERS 1
| #define HAVE_SYS_TYPES_H 1
| #define HAVE_SYS_STAT_H 1
| #define HAVE_STDLIB_H 1
| #define HAVE_STRING_H 1
| #define HAVE_MEMORY_H 1
| #define HAVE_STRINGS_H 1
| #define HAVE_INTTYPES_H 1
| #define HAVE_STDINT_H 1
| #define HAVE_UNISTD_H 1
| #define HAVE_DLFCN_H 1
| #define HAVE_LIBM 1
| #define HAVE_LIBGL 1
| #define HAVE_LIBGLU 1
| #define HAVE_LIBFREETYPE 1
| #define STDC_HEADERS 1
| #define HAVE_STDLIB_H 1
| #define HAVE_UNISTD_H 1
| #define HAVE_GL_GL_H 1
| #define HAVE_GL_GLU_H 1
| /* end confdefs.h.  */
| #include <ft2build.h>
configure:8925: result: no
configure:8961: checking for ft2build.h
configure:8968: result: no
configure:8975: WARNING: could not successfully compile with FreeType2 using the
configure:8977: WARNING: default compiler flags; re-trying with
configure:8979: WARNING: CPPFLAGS= -I/usr/include/freetype2
configure:8993: checking ft2build.h usability
configure:9006: gcc -c -g -O2  -I/usr/include/freetype2 conftest.c >&5
configure:9009: $? = 0
configure:9012: test -s conftest.o
configure:9015: $? = 0
configure:9025: result: yes
configure:9029: checking ft2build.h presence
configure:9040: gcc -E  -I/usr/include/freetype2 conftest.c
configure:9046: $? = 0
configure:9065: result: yes
configure:9101: checking for ft2build.h
configure:9108: result: yes
configure:9127: checking for GLUtesselator*
configure:9153: gcc -c -g -O2  -I/usr/include/freetype2 conftest.c >&5
configure:9156: $? = 0
configure:9159: test -s conftest.o
configure:9162: $? = 0
configure:9173: result: yes
configure:9185: checking for an ANSI C-conforming const
configure:9253: gcc -c -g -O2  -I/usr/include/freetype2 conftest.c >&5
configure:9256: $? = 0
configure:9259: test -s conftest.o
configure:9262: $? = 0
configure:9273: result: yes
configure:9290: checking for atexit
configure:9340: gcc -o conftest -g -O2  -I/usr/include/freetype2  conftest.c -lfreetype -lGLU -lGL -lm  >&5
configure:9343: $? = 0
configure:9346: test -s conftest
configure:9349: $? = 0
configure:9360: result: yes
configure:9290: checking for memset
configure:9340: gcc -o conftest -g -O2  -I/usr/include/freetype2  conftest.c -lfreetype -lGLU -lGL -lm  >&5
configure:9345:6: warning: conflicting types for built-in function 'memset' [enabled by default]
configure:9343: $? = 0
configure:9346: test -s conftest
configure:9349: $? = 0
configure:9360: result: yes
configure:9422: checking GL/gle.h usability
configure:9435: gcc -c -g -O2  -I/usr/include/freetype2 conftest.c >&5
configure:9438: $? = 0
configure:9441: test -s conftest.o
configure:9444: $? = 0
configure:9454: result: yes
configure:9458: checking GL/gle.h presence
configure:9469: gcc -E  -I/usr/include/freetype2 conftest.c
configure:9475: $? = 0
configure:9494: result: yes
configure:9530: checking for GL/gle.h
configure:9537: result: yes
configure:9549: checking for gleExtrusion in -lgle
configure:9580: gcc -o conftest -g -O2  -I/usr/include/freetype2  conftest.c -lgle  -lfreetype -lGLU -lGL -lm  >&5
configure:9583: $? = 0
configure:9586: test -s conftest
configure:9589: $? = 0
configure:9601: result: yes
configure:9933: creating ./config.status

## ---------------------- ##
## Running config.status. ##
## ---------------------- ##

This file was extended by OGLFT config.status 0.9, which was
generated by GNU Autoconf 2.57.  Invocation command line was

  CONFIG_FILES    = 
  CONFIG_HEADERS  = 
  CONFIG_LINKS    = 
  CONFIG_COMMANDS = 
  $ ./config.status 

on noccy-aspire

config.status:675: creating Makefile
config.status:675: creating liboglft/Makefile
config.status:675: creating doc/Makefile
config.status:675: creating tests/Makefile
config.status:779: creating config/config.h
config.status:1018: executing depfiles commands

## ---------------- ##
## Cache variables. ##
## ---------------- ##

ac_cv_build=i686-pc-linux-gnu
ac_cv_build_alias=i686-pc-linux-gnu
ac_cv_c_compiler_gnu=yes
ac_cv_c_const=yes
ac_cv_cxx_compiler_gnu=yes
ac_cv_env_CC_set=
ac_cv_env_CC_value=
ac_cv_env_CFLAGS_set=
ac_cv_env_CFLAGS_value=
ac_cv_env_CPPFLAGS_set=
ac_cv_env_CPPFLAGS_value=
ac_cv_env_CPP_set=
ac_cv_env_CPP_value=
ac_cv_env_CXXFLAGS_set=
ac_cv_env_CXXFLAGS_value=
ac_cv_env_CXX_set=
ac_cv_env_CXX_value=
ac_cv_env_LDFLAGS_set=
ac_cv_env_LDFLAGS_value=
ac_cv_env_build_alias_set=
ac_cv_env_build_alias_value=
ac_cv_env_host_alias_set=
ac_cv_env_host_alias_value=
ac_cv_env_target_alias_set=
ac_cv_env_target_alias_value=
ac_cv_exeext=
ac_cv_func_atexit=yes
ac_cv_func_memset=yes
ac_cv_header_GL_gl_h=yes
ac_cv_header_GL_gle_h=yes
ac_cv_header_GL_glu_h=yes
ac_cv_header_GL_glut_h=no
ac_cv_header_dlfcn_h=yes
ac_cv_header_ft2build_h=yes
ac_cv_header_inttypes_h=yes
ac_cv_header_memory_h=yes
ac_cv_header_stdc=yes
ac_cv_header_stdint_h=yes
ac_cv_header_stdlib_h=yes
ac_cv_header_string_h=yes
ac_cv_header_strings_h=yes
ac_cv_header_sys_stat_h=yes
ac_cv_header_sys_types_h=yes
ac_cv_header_unistd_h=yes
ac_cv_host=i686-pc-linux-gnu
ac_cv_host_alias=i686-pc-linux-gnu
ac_cv_lib_GLU_gluGetString=yes
ac_cv_lib_GL_glGetString=yes
ac_cv_lib_freetype_FT_Init_FreeType=yes
ac_cv_lib_gle_gleExtrusion=yes
ac_cv_lib_m_sqrt=yes
ac_cv_objext=o
ac_cv_path_install='/usr/bin/install -c'
ac_cv_prog_AWK=gawk
ac_cv_prog_CPP='gcc -E'
ac_cv_prog_ac_ct_CC=gcc
ac_cv_prog_ac_ct_CXX=g++
ac_cv_prog_ac_ct_RANLIB=ranlib
ac_cv_prog_ac_ct_STRIP=strip
ac_cv_prog_cc_g=yes
ac_cv_prog_cc_stdc=
ac_cv_prog_cxx_g=yes
ac_cv_prog_egrep='grep -E'
ac_cv_prog_make_make_set=yes
ac_cv_type_GLUtesselatorp=yes
am_cv_CC_dependencies_compiler_type=gcc3
am_cv_CXX_dependencies_compiler_type=gcc3
lt_cv_archive_cmds_need_lc=no
lt_cv_compiler_c_o=yes
lt_cv_compiler_o_lo=yes
lt_cv_deplibs_check_method=pass_all
lt_cv_file_magic_cmd='$MAGIC_CMD'
lt_cv_file_magic_test_file='/lib/libc.so* /lib/libc-*.so'
lt_cv_global_symbol_to_c_name_address='sed -n -e '\''s/^: \([^ ]*\) $/  {\"\1\", (lt_ptr) 0},/p'\'' -e '\''s/^[BCDEGRST] \([^ ]*\) \([^ ]*\)$/  {"\2", (lt_ptr) \&\2},/p'\'''
lt_cv_global_symbol_to_cdecl='sed -n -e '\''s/^. .* \(.*\)$/extern char \1;/p'\'''
lt_cv_ld_reload_flag=-r
lt_cv_path_LD=/usr/bin/ld
lt_cv_path_NM='/usr/bin/nm -B'
lt_cv_path_SED=/bin/sed
lt_cv_prog_cc_can_build_shared=yes
lt_cv_prog_cc_no_builtin=
lt_cv_prog_cc_pic=' -fPIC'
lt_cv_prog_cc_pic_works=yes
lt_cv_prog_cc_shlib=
lt_cv_prog_cc_static=-static
lt_cv_prog_cc_static_works=yes
lt_cv_prog_cc_wl=-Wl,
lt_cv_prog_gnu_ld=yes
lt_cv_sys_global_symbol_pipe='sed -n -e '\''s/^.*[ 	]\([ABCDGISTW][ABCDGISTW]*\)[ 	][ 	]*\(\)\([_A-Za-z][_A-Za-z0-9]*\)$/\1 \2\3 \3/p'\'''

## ----------------- ##
## Output variables. ##
## ----------------- ##

ACLOCAL='${SHELL} /home/noccy/Development/cpp/fenix/lib/oglft-0.9/config/missing --run aclocal-1.6'
AMDEPBACKSLASH='\'
AMDEP_FALSE='#'
AMDEP_TRUE=''
AMTAR='${SHELL} /home/noccy/Development/cpp/fenix/lib/oglft-0.9/config/missing --run tar'
AUTOCONF='${SHELL} /home/noccy/Development/cpp/fenix/lib/oglft-0.9/config/missing --run autoconf'
AUTOHEADER='${SHELL} /home/noccy/Development/cpp/fenix/lib/oglft-0.9/config/missing --run autoheader'
AUTOMAKE='${SHELL} /home/noccy/Development/cpp/fenix/lib/oglft-0.9/config/missing --run automake-1.6'
AWK='gawk'
CC='gcc'
CCDEPMODE='depmode=gcc3'
CFLAGS='-g -O2'
CPP='gcc -E'
CPPFLAGS=' -I/usr/include/freetype2'
CXX='g++'
CXXDEPMODE='depmode=gcc3'
CXXFLAGS='-g -O2'
DEFS='-DHAVE_CONFIG_H'
DEPDIR='.deps'
ECHO='echo'
ECHO_C=''
ECHO_N='-n'
ECHO_T=''
EGREP='grep -E'
EXEEXT=''
INSTALL_DATA='${INSTALL} -m 644'
INSTALL_PROGRAM='${INSTALL}'
INSTALL_SCRIPT='${INSTALL}'
INSTALL_STRIP_PROGRAM='${SHELL} $(install_sh) -c -s'
LDFLAGS=''
LIBOBJS=''
LIBS='-lgle -lfreetype -lGLU -lGL -lm '
LIBTOOL='$(SHELL) $(top_builddir)/libtool'
LN_S='ln -s'
LTLIBOBJS=''
MAKEINFO='${SHELL} /home/noccy/Development/cpp/fenix/lib/oglft-0.9/config/missing --run makeinfo'
OBJEXT='o'
OGLFT_DEBUG_FALSE=''
OGLFT_DEBUG_TRUE='#'
OGLFT_NO_QT_FALSE='#'
OGLFT_NO_QT_TRUE=''
OGLFT_NO_SOLID_FALSE=''
OGLFT_NO_SOLID_TRUE='#'
PACKAGE='oglft'
PACKAGE_BUGREPORT='oglft@lignumcomputing.com'
PACKAGE_NAME='OGLFT'
PACKAGE_STRING='OGLFT 0.9'
PACKAGE_TARNAME='oglft'
PACKAGE_VERSION='0.9'
PATH_SEPARATOR=':'
QTLIB=''
RANLIB='ranlib'
SET_MAKE=''
SHELL='/bin/bash'
STRIP='strip'
VERSION='0.9'
ac_ct_CC='gcc'
ac_ct_CXX='g++'
ac_ct_RANLIB='ranlib'
ac_ct_STRIP='strip'
am__include='include'
am__quote=''
bindir='${exec_prefix}/bin'
build='i686-pc-linux-gnu'
build_alias=''
build_cpu='i686'
build_os='linux-gnu'
build_vendor='pc'
datadir='${prefix}/share'
exec_prefix='${prefix}'
host='i686-pc-linux-gnu'
host_alias=''
host_cpu='i686'
host_os='linux-gnu'
host_vendor='pc'
includedir='${prefix}/include'
infodir='${prefix}/info'
install_sh='/home/noccy/Development/cpp/fenix/lib/oglft-0.9/config/install-sh'
libdir='${exec_prefix}/lib'
libexecdir='${exec_prefix}/libexec'
localstatedir='${prefix}/var'
mandir='${prefix}/man'
oldincludedir='/usr/include'
prefix='/usr/local'
program_transform_name='s,x,x,'
sbindir='${exec_prefix}/sbin'
sharedstatedir='${prefix}/com'
sysconfdir='${prefix}/etc'
target_alias=''

## ----------- ##
## confdefs.h. ##
## ----------- ##

#define HAVE_ATEXIT 1
#define HAVE_DLFCN_H 1
#define HAVE_GL_GLU_H 1
#define HAVE_GL_GL_H 1
#define HAVE_INTTYPES_H 1
#define HAVE_LIBFREETYPE 1
#define HAVE_LIBGL 1
#define HAVE_LIBGLE 1
#define HAVE_LIBGLU 1
#define HAVE_LIBM 1
#define HAVE_MEMORY_H 1
#define HAVE_MEMSET 1
#define HAVE_STDINT_H 1
#define HAVE_STDLIB_H 1
#define HAVE_STDLIB_H 1
#define HAVE_STRINGS_H 1
#define HAVE_STRING_H 1
#define HAVE_SYS_STAT_H 1
#define HAVE_SYS_TYPES_H 1
#define HAVE_UNISTD_H 1
#define HAVE_UNISTD_H 1
#define OGLFT_NO_QT 1
#define PACKAGE "oglft"
#define PACKAGE_BUGREPORT "oglft@lignumcomputing.com"
#define PACKAGE_NAME "OGLFT"
#define PACKAGE_STRING "OGLFT 0.9"
#define PACKAGE_TARNAME "oglft"
#define PACKAGE_VERSION "0.9"
#define STDC_HEADERS 1
#define STDC_HEADERS 1
#define VERSION "0.9"
#endif
#ifdef __cplusplus
#include <stdlib.h>

configure: exit 0

## ---------------------- ##
## Running config.status. ##
## ---------------------- ##

This file was extended by OGLFT config.status 0.9, which was
generated by GNU Autoconf 2.57.  Invocation command line was

  CONFIG_FILES    = 
  CONFIG_HEADERS  = 
  CONFIG_LINKS    = 
  CONFIG_COMMANDS = 
  $ ./config.status Makefile

on noccy-aspire

config.status:675: creating Makefile

## ---------------------- ##
## Running config.status. ##
## ---------------------- ##

This file was extended by OGLFT config.status 0.9, which was
generated by GNU Autoconf 2.57.  Invocation command line was

  CONFIG_FILES    = 
  CONFIG_HEADERS  = 
  CONFIG_LINKS    = 
  CONFIG_COMMANDS = 
  $ ./config.status doc/Makefile

on noccy-aspire

config.status:675: creating doc/Makefile

## ---------------------- ##
## Running config.status. ##
## ---------------------- ##

This file was extended by OGLFT config.status 0.9, which was
generated by GNU Autoconf 2.57.  Invocation command line was

  CONFIG_FILES    = 
  CONFIG_HEADERS  = 
  CONFIG_LINKS    = 
  CONFIG_COMMANDS = 
  $ ./config.status liboglft/Makefile depfiles

on noccy-aspire

config.status:675: creating liboglft/Makefile
config.status:1018: executing depfiles commands
