This file contains any messages produced by compilers while
running configure, to aid debugging if configure makes a mistake.

It was created by glm configure 0.3.1, which was
generated by GNU Autoconf 2.68.  Invocation command line was

  $ ./configure --enable-maintainer-mode

## --------- ##
## Platform. ##
## --------- ##

hostname = noccy-desktop
uname -m = i686
uname -r = 3.2.0-27-generic
uname -s = Linux
uname -v = #43-Ubuntu SMP Fri Jul 6 14:46:35 UTC 2012

/usr/bin/uname -p = unknown
/bin/uname -X     = unknown

/bin/arch              = unknown
/usr/bin/arch -k       = unknown
/usr/convex/getsysinfo = unknown
/usr/bin/hostinfo      = unknown
/bin/machine           = unknown
/usr/bin/oslevel       = unknown
/bin/universe          = unknown

PATH: /opt/microchip/mplabc30/v3.30b/bin
PATH: /opt/microchip/mplabc32/v2.00/bin
PATH: /opt/microchip/mplabc32/v2.00/bin
PATH: /opt/microchip/mplabc30/v3.30b/bin
PATH: /home/noccy/bin
PATH: /usr/lib/lightdm/lightdm
PATH: /usr/local/sbin
PATH: /usr/local/bin
PATH: /usr/sbin
PATH: /usr/bin
PATH: /sbin
PATH: /bin
PATH: /usr/games
PATH: /usr/brlcad/bin


## ----------- ##
## Core tests. ##
## ----------- ##

configure:2396: checking build system type
configure:2410: result: i686-pc-linux-gnu
configure:2430: checking host system type
configure:2443: result: i686-pc-linux-gnu
configure:2463: checking target system type
configure:2476: result: i686-pc-linux-gnu
configure:2518: checking for a BSD-compatible install
configure:2586: result: /usr/bin/install -c
configure:2597: checking whether build environment is sane
configure:2647: result: yes
configure:2788: checking for a thread-safe mkdir -p
configure:2827: result: /bin/mkdir -p
configure:2840: checking for gawk
configure:2856: found /usr/bin/gawk
configure:2867: result: gawk
configure:2878: checking whether make sets $(MAKE)
configure:2900: result: yes
configure:3032: checking for gcc
configure:3048: found /usr/bin/gcc
configure:3059: result: gcc
configure:3288: checking for C compiler version
configure:3297: gcc --version >&5
gcc (Ubuntu/Linaro 4.6.3-1ubuntu5) 4.6.3
Copyright (C) 2011 Free Software Foundation, Inc.
This is free software; see the source for copying conditions.  There is NO
warranty; not even for MERCHANTABILITY or FITNESS FOR A PARTICULAR PURPOSE.

configure:3308: $? = 0
configure:3297: gcc -v >&5
Using built-in specs.
COLLECT_GCC=gcc
COLLECT_LTO_WRAPPER=/usr/lib/gcc/i686-linux-gnu/4.6/lto-wrapper
Target: i686-linux-gnu
Configured with: ../src/configure -v --with-pkgversion='Ubuntu/Linaro 4.6.3-1ubuntu5' --with-bugurl=file:///usr/share/doc/gcc-4.6/README.Bugs --enable-languages=c,c++,fortran,objc,obj-c++ --prefix=/usr --program-suffix=-4.6 --enable-shared --enable-linker-build-id --with-system-zlib --libexecdir=/usr/lib --without-included-gettext --enable-threads=posix --with-gxx-include-dir=/usr/include/c++/4.6 --libdir=/usr/lib --enable-nls --with-sysroot=/ --enable-clocale=gnu --enable-libstdcxx-debug --enable-libstdcxx-time=yes --enable-gnu-unique-object --enable-plugin --enable-objc-gc --enable-targets=all --disable-werror --with-arch-32=i686 --with-tune=generic --enable-checking=release --build=i686-linux-gnu --host=i686-linux-gnu --target=i686-linux-gnu
Thread model: posix
gcc version 4.6.3 (Ubuntu/Linaro 4.6.3-1ubuntu5) 
configure:3308: $? = 0
configure:3297: gcc -V >&5
gcc: error: unrecognized option '-V'
gcc: fatal error: no input files
compilation terminated.
configure:3308: $? = 4
configure:3297: gcc -qversion >&5
gcc: error: unrecognized option '-qversion'
gcc: fatal error: no input files
compilation terminated.
configure:3308: $? = 4
configure:3328: checking whether the C compiler works
configure:3350: gcc    conftest.c  >&5
configure:3354: $? = 0
configure:3402: result: yes
configure:3405: checking for C compiler default output file name
configure:3407: result: a.out
configure:3413: checking for suffix of executables
configure:3420: gcc -o conftest    conftest.c  >&5
configure:3424: $? = 0
configure:3446: result: 
configure:3468: checking whether we are cross compiling
configure:3476: gcc -o conftest    conftest.c  >&5
configure:3480: $? = 0
configure:3487: ./conftest
configure:3491: $? = 0
configure:3506: result: no
configure:3511: checking for suffix of object files
configure:3533: gcc -c   conftest.c >&5
configure:3537: $? = 0
configure:3558: result: o
configure:3562: checking whether we are using the GNU C compiler
configure:3581: gcc -c   conftest.c >&5
configure:3581: $? = 0
configure:3590: result: yes
configure:3599: checking whether gcc accepts -g
configure:3619: gcc -c -g  conftest.c >&5
configure:3619: $? = 0
configure:3660: result: yes
configure:3677: checking for gcc option to accept ISO C89
configure:3741: gcc  -c -g -O2  conftest.c >&5
configure:3741: $? = 0
configure:3754: result: none needed
configure:3785: checking for style of include used by make
configure:3813: result: GNU
configure:3839: checking dependency style of gcc
configure:3950: result: gcc3
configure:3966: checking whether gcc and cc understand -c and -o together
configure:3997: gcc -c conftest.c -o conftest2.o >&5
configure:4001: $? = 0
configure:4007: gcc -c conftest.c -o conftest2.o >&5
configure:4011: $? = 0
configure:4022: cc -c conftest.c >&5
configure:4026: $? = 0
configure:4034: cc -c conftest.c -o conftest2.o >&5
configure:4038: $? = 0
configure:4044: cc -c conftest.c -o conftest2.o >&5
configure:4048: $? = 0
configure:4066: result: yes
configure:4093: checking for inline
configure:4109: gcc -c -g -O2  conftest.c >&5
configure:4109: $? = 0
configure:4117: result: inline
configure:4213: checking what warning flags to pass to the C compiler
configure:4215: result: -Wall -Wmissing-prototypes
configure:4226: checking what language compliance flags to pass to the C compiler
configure:4241: result: 
configure:4327: checking how to print strings
configure:4354: result: printf
configure:4375: checking for a sed that does not truncate output
configure:4439: result: /bin/sed
configure:4457: checking for grep that handles long lines and -e
configure:4515: result: /bin/grep
configure:4520: checking for egrep
configure:4582: result: /bin/grep -E
configure:4587: checking for fgrep
configure:4649: result: /bin/grep -F
configure:4684: checking for ld used by gcc
configure:4751: result: /usr/bin/ld
configure:4758: checking if the linker (/usr/bin/ld) is GNU ld
configure:4773: result: yes
configure:4785: checking for BSD- or MS-compatible name lister (nm)
configure:4834: result: /usr/bin/nm -B
configure:4964: checking the name lister (/usr/bin/nm -B) interface
configure:4971: gcc -c -g -O2  conftest.c >&5
configure:4974: /usr/bin/nm -B "conftest.o"
configure:4977: output
00000000 B some_variable
configure:4984: result: BSD nm
configure:4987: checking whether ln -s works
configure:4991: result: yes
configure:4999: checking the maximum length of command line arguments
configure:5129: result: 1572864
configure:5146: checking whether the shell understands some XSI constructs
configure:5156: result: yes
configure:5160: checking whether the shell understands "+="
configure:5166: result: yes
configure:5201: checking how to convert i686-pc-linux-gnu file names to i686-pc-linux-gnu format
configure:5241: result: func_convert_file_noop
configure:5248: checking how to convert i686-pc-linux-gnu file names to toolchain format
configure:5268: result: func_convert_file_noop
configure:5275: checking for /usr/bin/ld option to reload object files
configure:5282: result: -r
configure:5356: checking for objdump
configure:5372: found /usr/bin/objdump
configure:5383: result: objdump
configure:5415: checking how to recognize dependent libraries
configure:5617: result: pass_all
configure:5702: checking for dlltool
configure:5732: result: no
configure:5762: checking how to associate runtime and link libraries
configure:5789: result: printf %s\n
configure:5849: checking for ar
configure:5865: found /usr/bin/ar
configure:5876: result: ar
configure:5913: checking for archiver @FILE support
configure:5930: gcc -c -g -O2  conftest.c >&5
configure:5930: $? = 0
configure:5933: ar cru libconftest.a @conftest.lst >&5
configure:5936: $? = 0
configure:5941: ar cru libconftest.a @conftest.lst >&5
ar: conftest.o: No such file or directory
configure:5944: $? = 1
configure:5956: result: @
configure:6014: checking for strip
configure:6030: found /usr/bin/strip
configure:6041: result: strip
configure:6113: checking for ranlib
configure:6129: found /usr/bin/ranlib
configure:6140: result: ranlib
configure:6242: checking command to parse /usr/bin/nm -B output from gcc object
configure:6362: gcc -c -g -O2  conftest.c >&5
configure:6365: $? = 0
configure:6369: /usr/bin/nm -B conftest.o \| sed -n -e 's/^.*[ ]\([ABCDGIRSTW][ABCDGIRSTW]*\)[ ][ ]*\([_A-Za-z][_A-Za-z0-9]*\)$/\1 \2 \2/p' | sed '/ __gnu_lto/d' \> conftest.nm
configure:6372: $? = 0
configure:6438: gcc -o conftest -g -O2   conftest.c conftstm.o >&5
configure:6441: $? = 0
configure:6479: result: ok
configure:6516: checking for sysroot
configure:6546: result: no
configure:6802: checking for mt
configure:6818: found /bin/mt
configure:6829: result: mt
configure:6852: checking if mt is a manifest tool
configure:6858: mt '-?'
configure:6866: result: no
configure:7508: checking how to run the C preprocessor
configure:7539: gcc -E  conftest.c
configure:7539: $? = 0
configure:7553: gcc -E  conftest.c
conftest.c:11:28: fatal error: ac_nonexistent.h: No such file or directory
compilation terminated.
configure:7553: $? = 1
configure: failed program was:
| /* confdefs.h */
| #define PACKAGE_NAME "glm"
| #define PACKAGE_TARNAME "glm"
| #define PACKAGE_VERSION "0.3.1"
| #define PACKAGE_STRING "glm 0.3.1"
| #define PACKAGE_BUGREPORT ""
| #define PACKAGE_URL ""
| #define PACKAGE "glm"
| #define VERSION "0.3.1"
| /* end confdefs.h.  */
| #include <ac_nonexistent.h>
configure:7578: result: gcc -E
configure:7598: gcc -E  conftest.c
configure:7598: $? = 0
configure:7612: gcc -E  conftest.c
conftest.c:11:28: fatal error: ac_nonexistent.h: No such file or directory
compilation terminated.
configure:7612: $? = 1
configure: failed program was:
| /* confdefs.h */
| #define PACKAGE_NAME "glm"
| #define PACKAGE_TARNAME "glm"
| #define PACKAGE_VERSION "0.3.1"
| #define PACKAGE_STRING "glm 0.3.1"
| #define PACKAGE_BUGREPORT ""
| #define PACKAGE_URL ""
| #define PACKAGE "glm"
| #define VERSION "0.3.1"
| /* end confdefs.h.  */
| #include <ac_nonexistent.h>
configure:7641: checking for ANSI C header files
configure:7661: gcc -c -g -O2  conftest.c >&5
configure:7661: $? = 0
configure:7734: gcc -o conftest -g -O2   conftest.c  >&5
configure:7734: $? = 0
configure:7734: ./conftest
configure:7734: $? = 0
configure:7745: result: yes
configure:7758: checking for sys/types.h
configure:7758: gcc -c -g -O2  conftest.c >&5
configure:7758: $? = 0
configure:7758: result: yes
configure:7758: checking for sys/stat.h
configure:7758: gcc -c -g -O2  conftest.c >&5
configure:7758: $? = 0
configure:7758: result: yes
configure:7758: checking for stdlib.h
configure:7758: gcc -c -g -O2  conftest.c >&5
configure:7758: $? = 0
configure:7758: result: yes
configure:7758: checking for string.h
configure:7758: gcc -c -g -O2  conftest.c >&5
configure:7758: $? = 0
configure:7758: result: yes
configure:7758: checking for memory.h
configure:7758: gcc -c -g -O2  conftest.c >&5
configure:7758: $? = 0
configure:7758: result: yes
configure:7758: checking for strings.h
configure:7758: gcc -c -g -O2  conftest.c >&5
configure:7758: $? = 0
configure:7758: result: yes
configure:7758: checking for inttypes.h
configure:7758: gcc -c -g -O2  conftest.c >&5
configure:7758: $? = 0
configure:7758: result: yes
configure:7758: checking for stdint.h
configure:7758: gcc -c -g -O2  conftest.c >&5
configure:7758: $? = 0
configure:7758: result: yes
configure:7758: checking for unistd.h
configure:7758: gcc -c -g -O2  conftest.c >&5
configure:7758: $? = 0
configure:7758: result: yes
configure:7772: checking for dlfcn.h
configure:7772: gcc -c -g -O2  conftest.c >&5
configure:7772: $? = 0
configure:7772: result: yes
configure:7948: checking for objdir
configure:7963: result: .libs
configure:8234: checking if gcc supports -fno-rtti -fno-exceptions
configure:8252: gcc -c -g -O2  -fno-rtti -fno-exceptions conftest.c >&5
cc1: warning: command line option '-fno-rtti' is valid for C++/ObjC++ but not for C [enabled by default]
configure:8256: $? = 0
configure:8269: result: no
configure:8596: checking for gcc option to produce PIC
configure:8603: result: -fPIC -DPIC
configure:8611: checking if gcc PIC flag -fPIC -DPIC works
configure:8629: gcc -c -g -O2  -fPIC -DPIC -DPIC conftest.c >&5
configure:8633: $? = 0
configure:8646: result: yes
configure:8675: checking if gcc static flag -static works
configure:8703: result: yes
configure:8718: checking if gcc supports -c -o file.o
configure:8739: gcc -c -g -O2  -o out/conftest2.o conftest.c >&5
configure:8743: $? = 0
configure:8765: result: yes
configure:8773: checking if gcc supports -c -o file.o
configure:8820: result: yes
configure:8853: checking whether the gcc linker (/usr/bin/ld) supports shared libraries
configure:10010: result: yes
configure:10250: checking dynamic linker characteristics
configure:10761: gcc -o conftest -g -O2   -Wl,-rpath -Wl,/foo conftest.c  >&5
configure:10761: $? = 0
configure:10995: result: GNU/Linux ld.so
configure:11102: checking how to hardcode library paths into programs
configure:11127: result: immediate
configure:11667: checking whether stripping libraries is possible
configure:11672: result: yes
configure:11707: checking if libtool supports shared libraries
configure:11709: result: yes
configure:11712: checking whether to build shared libraries
configure:11733: result: no
configure:11736: checking whether to build static libraries
configure:11740: result: yes
configure:11780: checking for strdup
configure:11780: gcc -o conftest -g -O2   conftest.c  >&5
conftest.c:46:6: warning: conflicting types for built-in function 'strdup' [enabled by default]
configure:11780: $? = 0
configure:11780: result: yes
configure:11790: checking for X
configure:11898: gcc -E  conftest.c
configure:11898: $? = 0
configure:11929: gcc -o conftest -g -O2   conftest.c -lX11  >&5
configure:11929: $? = 0
configure:11979: result: libraries , headers 
configure:12101: checking for the pthreads library -lpthreads
configure:12134: gcc -o conftest -g -O2    conftest.c -lpthreads  >&5
/usr/bin/ld: cannot find -lpthreads
collect2: ld returned 1 exit status
configure:12134: $? = 1
configure: failed program was:
| /* confdefs.h */
| #define PACKAGE_NAME "glm"
| #define PACKAGE_TARNAME "glm"
| #define PACKAGE_VERSION "0.3.1"
| #define PACKAGE_STRING "glm 0.3.1"
| #define PACKAGE_BUGREPORT ""
| #define PACKAGE_URL ""
| #define PACKAGE "glm"
| #define VERSION "0.3.1"
| #define STDC_HEADERS 1
| #define HAVE_SYS_TYPES_H 1
| #define HAVE_SYS_STAT_H 1
| #define HAVE_STDLIB_H 1
| #define HAVE_STRING_H 1
| #define HAVE_MEMORY_H 1
| #define HAVE_STRINGS_H 1
| #define HAVE_INTTYPES_H 1
| #define HAVE_STDINT_H 1
| #define HAVE_UNISTD_H 1
| #define HAVE_DLFCN_H 1
| #define LT_OBJDIR ".libs/"
| #define HAVE_STRDUP 1
| /* end confdefs.h.  */
| #include <pthread.h>
| int
| main ()
| {
| pthread_t th; pthread_join(th, 0);
|                      pthread_attr_init(0); pthread_cleanup_push(0, 0);
|                      pthread_create(0,0,0,0); pthread_cleanup_pop(0);
|   ;
|   return 0;
| }
configure:12143: result: no
configure:12090: checking whether pthreads work without any flags
configure:12134: gcc -o conftest -g -O2    conftest.c   >&5
/tmp/ccRXI0PU.o: In function `main':
/home/noccy/Development/c/fenix/lib/glm-0.3.1/conftest.c:28: undefined reference to `pthread_join'
/home/noccy/Development/c/fenix/lib/glm-0.3.1/conftest.c:29: undefined reference to `__pthread_register_cancel'
/home/noccy/Development/c/fenix/lib/glm-0.3.1/conftest.c:30: undefined reference to `pthread_create'
/home/noccy/Development/c/fenix/lib/glm-0.3.1/conftest.c:30: undefined reference to `__pthread_unregister_cancel'
collect2: ld returned 1 exit status
configure:12134: $? = 1
configure: failed program was:
| /* confdefs.h */
| #define PACKAGE_NAME "glm"
| #define PACKAGE_TARNAME "glm"
| #define PACKAGE_VERSION "0.3.1"
| #define PACKAGE_STRING "glm 0.3.1"
| #define PACKAGE_BUGREPORT ""
| #define PACKAGE_URL ""
| #define PACKAGE "glm"
| #define VERSION "0.3.1"
| #define STDC_HEADERS 1
| #define HAVE_SYS_TYPES_H 1
| #define HAVE_SYS_STAT_H 1
| #define HAVE_STDLIB_H 1
| #define HAVE_STRING_H 1
| #define HAVE_MEMORY_H 1
| #define HAVE_STRINGS_H 1
| #define HAVE_INTTYPES_H 1
| #define HAVE_STDINT_H 1
| #define HAVE_UNISTD_H 1
| #define HAVE_DLFCN_H 1
| #define LT_OBJDIR ".libs/"
| #define HAVE_STRDUP 1
| /* end confdefs.h.  */
| #include <pthread.h>
| int
| main ()
| {
| pthread_t th; pthread_join(th, 0);
|                      pthread_attr_init(0); pthread_cleanup_push(0, 0);
|                      pthread_create(0,0,0,0); pthread_cleanup_pop(0);
|   ;
|   return 0;
| }
configure:12143: result: no
configure:12095: checking whether pthreads work with -Kthread
configure:12134: gcc -o conftest -g -O2 -Kthread   conftest.c   >&5
gcc: error: unrecognized option '-Kthread'
configure:12134: $? = 1
configure: failed program was:
| /* confdefs.h */
| #define PACKAGE_NAME "glm"
| #define PACKAGE_TARNAME "glm"
| #define PACKAGE_VERSION "0.3.1"
| #define PACKAGE_STRING "glm 0.3.1"
| #define PACKAGE_BUGREPORT ""
| #define PACKAGE_URL ""
| #define PACKAGE "glm"
| #define VERSION "0.3.1"
| #define STDC_HEADERS 1
| #define HAVE_SYS_TYPES_H 1
| #define HAVE_SYS_STAT_H 1
| #define HAVE_STDLIB_H 1
| #define HAVE_STRING_H 1
| #define HAVE_MEMORY_H 1
| #define HAVE_STRINGS_H 1
| #define HAVE_INTTYPES_H 1
| #define HAVE_STDINT_H 1
| #define HAVE_UNISTD_H 1
| #define HAVE_DLFCN_H 1
| #define LT_OBJDIR ".libs/"
| #define HAVE_STRDUP 1
| /* end confdefs.h.  */
| #include <pthread.h>
| int
| main ()
| {
| pthread_t th; pthread_join(th, 0);
|                      pthread_attr_init(0); pthread_cleanup_push(0, 0);
|                      pthread_create(0,0,0,0); pthread_cleanup_pop(0);
|   ;
|   return 0;
| }
configure:12143: result: no
configure:12095: checking whether pthreads work with -kthread
configure:12134: gcc -o conftest -g -O2 -kthread   conftest.c   >&5
gcc: error: unrecognized option '-kthread'
configure:12134: $? = 1
configure: failed program was:
| /* confdefs.h */
| #define PACKAGE_NAME "glm"
| #define PACKAGE_TARNAME "glm"
| #define PACKAGE_VERSION "0.3.1"
| #define PACKAGE_STRING "glm 0.3.1"
| #define PACKAGE_BUGREPORT ""
| #define PACKAGE_URL ""
| #define PACKAGE "glm"
| #define VERSION "0.3.1"
| #define STDC_HEADERS 1
| #define HAVE_SYS_TYPES_H 1
| #define HAVE_SYS_STAT_H 1
| #define HAVE_STDLIB_H 1
| #define HAVE_STRING_H 1
| #define HAVE_MEMORY_H 1
| #define HAVE_STRINGS_H 1
| #define HAVE_INTTYPES_H 1
| #define HAVE_STDINT_H 1
| #define HAVE_UNISTD_H 1
| #define HAVE_DLFCN_H 1
| #define LT_OBJDIR ".libs/"
| #define HAVE_STRDUP 1
| /* end confdefs.h.  */
| #include <pthread.h>
| int
| main ()
| {
| pthread_t th; pthread_join(th, 0);
|                      pthread_attr_init(0); pthread_cleanup_push(0, 0);
|                      pthread_create(0,0,0,0); pthread_cleanup_pop(0);
|   ;
|   return 0;
| }
configure:12143: result: no
configure:12101: checking for the pthreads library -llthread
configure:12134: gcc -o conftest -g -O2    conftest.c -llthread  >&5
/usr/bin/ld: cannot find -llthread
collect2: ld returned 1 exit status
configure:12134: $? = 1
configure: failed program was:
| /* confdefs.h */
| #define PACKAGE_NAME "glm"
| #define PACKAGE_TARNAME "glm"
| #define PACKAGE_VERSION "0.3.1"
| #define PACKAGE_STRING "glm 0.3.1"
| #define PACKAGE_BUGREPORT ""
| #define PACKAGE_URL ""
| #define PACKAGE "glm"
| #define VERSION "0.3.1"
| #define STDC_HEADERS 1
| #define HAVE_SYS_TYPES_H 1
| #define HAVE_SYS_STAT_H 1
| #define HAVE_STDLIB_H 1
| #define HAVE_STRING_H 1
| #define HAVE_MEMORY_H 1
| #define HAVE_STRINGS_H 1
| #define HAVE_INTTYPES_H 1
| #define HAVE_STDINT_H 1
| #define HAVE_UNISTD_H 1
| #define HAVE_DLFCN_H 1
| #define LT_OBJDIR ".libs/"
| #define HAVE_STRDUP 1
| /* end confdefs.h.  */
| #include <pthread.h>
| int
| main ()
| {
| pthread_t th; pthread_join(th, 0);
|                      pthread_attr_init(0); pthread_cleanup_push(0, 0);
|                      pthread_create(0,0,0,0); pthread_cleanup_pop(0);
|   ;
|   return 0;
| }
configure:12143: result: no
configure:12095: checking whether pthreads work with -pthread
configure:12134: gcc -o conftest -g -O2 -pthread   conftest.c   >&5
configure:12134: $? = 0
configure:12143: result: yes
configure:12163: checking for joinable pthread attribute
configure:12176: gcc -o conftest -g -O2 -pthread   conftest.c   >&5
configure:12176: $? = 0
configure:12208: result: PTHREAD_CREATE_JOINABLE
configure:12215: checking if more special flags are required for pthreads
configure:12222: result: no
configure:12234: checking for cc_r
configure:12262: result: gcc
configure:12320: checking whether we are using the Microsoft C compiler
configure:12339: gcc -c -g -O2  conftest.c >&5
conftest.c: In function 'main':
conftest.c:30:8: error: unknown type name 'choke'
configure:12339: $? = 1
configure: failed program was:
| /* confdefs.h */
| #define PACKAGE_NAME "glm"
| #define PACKAGE_TARNAME "glm"
| #define PACKAGE_VERSION "0.3.1"
| #define PACKAGE_STRING "glm 0.3.1"
| #define PACKAGE_BUGREPORT ""
| #define PACKAGE_URL ""
| #define PACKAGE "glm"
| #define VERSION "0.3.1"
| #define STDC_HEADERS 1
| #define HAVE_SYS_TYPES_H 1
| #define HAVE_SYS_STAT_H 1
| #define HAVE_STDLIB_H 1
| #define HAVE_STRING_H 1
| #define HAVE_MEMORY_H 1
| #define HAVE_STRINGS_H 1
| #define HAVE_INTTYPES_H 1
| #define HAVE_STDINT_H 1
| #define HAVE_UNISTD_H 1
| #define HAVE_DLFCN_H 1
| #define LT_OBJDIR ".libs/"
| #define HAVE_STRDUP 1
| #define HAVE_PTHREAD 1
| /* end confdefs.h.  */
| 
| int
| main ()
| {
| #ifndef _MSC_VER
|        choke me
| #endif
| 
|   ;
|   return 0;
| }
configure:12348: result: no
configure:12370: checking windows.h usability
configure:12370: gcc -c -g -O2  conftest.c >&5
conftest.c:58:21: fatal error: windows.h: No such file or directory
compilation terminated.
configure:12370: $? = 1
configure: failed program was:
| /* confdefs.h */
| #define PACKAGE_NAME "glm"
| #define PACKAGE_TARNAME "glm"
| #define PACKAGE_VERSION "0.3.1"
| #define PACKAGE_STRING "glm 0.3.1"
| #define PACKAGE_BUGREPORT ""
| #define PACKAGE_URL ""
| #define PACKAGE "glm"
| #define VERSION "0.3.1"
| #define STDC_HEADERS 1
| #define HAVE_SYS_TYPES_H 1
| #define HAVE_SYS_STAT_H 1
| #define HAVE_STDLIB_H 1
| #define HAVE_STRING_H 1
| #define HAVE_MEMORY_H 1
| #define HAVE_STRINGS_H 1
| #define HAVE_INTTYPES_H 1
| #define HAVE_STDINT_H 1
| #define HAVE_UNISTD_H 1
| #define HAVE_DLFCN_H 1
| #define LT_OBJDIR ".libs/"
| #define HAVE_STRDUP 1
| #define HAVE_PTHREAD 1
| /* end confdefs.h.  */
| #include <stdio.h>
| #ifdef HAVE_SYS_TYPES_H
| # include <sys/types.h>
| #endif
| #ifdef HAVE_SYS_STAT_H
| # include <sys/stat.h>
| #endif
| #ifdef STDC_HEADERS
| # include <stdlib.h>
| # include <stddef.h>
| #else
| # ifdef HAVE_STDLIB_H
| #  include <stdlib.h>
| # endif
| #endif
| #ifdef HAVE_STRING_H
| # if !defined STDC_HEADERS && defined HAVE_MEMORY_H
| #  include <memory.h>
| # endif
| # include <string.h>
| #endif
| #ifdef HAVE_STRINGS_H
| # include <strings.h>
| #endif
| #ifdef HAVE_INTTYPES_H
| # include <inttypes.h>
| #endif
| #ifdef HAVE_STDINT_H
| # include <stdint.h>
| #endif
| #ifdef HAVE_UNISTD_H
| # include <unistd.h>
| #endif
| #include <windows.h>
configure:12370: result: no
configure:12370: checking windows.h presence
configure:12370: gcc -E  conftest.c
conftest.c:25:21: fatal error: windows.h: No such file or directory
compilation terminated.
configure:12370: $? = 1
configure: failed program was:
| /* confdefs.h */
| #define PACKAGE_NAME "glm"
| #define PACKAGE_TARNAME "glm"
| #define PACKAGE_VERSION "0.3.1"
| #define PACKAGE_STRING "glm 0.3.1"
| #define PACKAGE_BUGREPORT ""
| #define PACKAGE_URL ""
| #define PACKAGE "glm"
| #define VERSION "0.3.1"
| #define STDC_HEADERS 1
| #define HAVE_SYS_TYPES_H 1
| #define HAVE_SYS_STAT_H 1
| #define HAVE_STDLIB_H 1
| #define HAVE_STRING_H 1
| #define HAVE_MEMORY_H 1
| #define HAVE_STRINGS_H 1
| #define HAVE_INTTYPES_H 1
| #define HAVE_STDINT_H 1
| #define HAVE_UNISTD_H 1
| #define HAVE_DLFCN_H 1
| #define LT_OBJDIR ".libs/"
| #define HAVE_STRDUP 1
| #define HAVE_PTHREAD 1
| /* end confdefs.h.  */
| #include <windows.h>
configure:12370: result: no
configure:12370: checking for windows.h
configure:12370: result: no
configure:12381: checking for OpenGL library
configure:12414: gcc -o conftest -g -O2 -pthread   conftest.c -lopengl32  -lm  >&5
/usr/bin/ld: cannot find -lopengl32
collect2: ld returned 1 exit status
configure:12414: $? = 1
configure: failed program was:
| /* confdefs.h */
| #define PACKAGE_NAME "glm"
| #define PACKAGE_TARNAME "glm"
| #define PACKAGE_VERSION "0.3.1"
| #define PACKAGE_STRING "glm 0.3.1"
| #define PACKAGE_BUGREPORT ""
| #define PACKAGE_URL ""
| #define PACKAGE "glm"
| #define VERSION "0.3.1"
| #define STDC_HEADERS 1
| #define HAVE_SYS_TYPES_H 1
| #define HAVE_SYS_STAT_H 1
| #define HAVE_STDLIB_H 1
| #define HAVE_STRING_H 1
| #define HAVE_MEMORY_H 1
| #define HAVE_STRINGS_H 1
| #define HAVE_INTTYPES_H 1
| #define HAVE_STDINT_H 1
| #define HAVE_UNISTD_H 1
| #define HAVE_DLFCN_H 1
| #define LT_OBJDIR ".libs/"
| #define HAVE_STRDUP 1
| #define HAVE_PTHREAD 1
| /* end confdefs.h.  */
| 
| # if HAVE_WINDOWS_H && defined(_WIN32)
| #   include <windows.h>
| # endif
| # include <GL/gl.h>
| int
| main ()
| {
| glBegin(0)
|   ;
|   return 0;
| }
configure:12414: gcc -o conftest -g -O2 -pthread   conftest.c -lGL  -lm  >&5
configure:12414: $? = 0
configure:12423: result: -lGL
configure:12502: checking for g++
configure:12518: found /usr/bin/g++
configure:12529: result: g++
configure:12556: checking for C++ compiler version
configure:12565: g++ --version >&5
g++ (Ubuntu/Linaro 4.6.3-1ubuntu5) 4.6.3
Copyright (C) 2011 Free Software Foundation, Inc.
This is free software; see the source for copying conditions.  There is NO
warranty; not even for MERCHANTABILITY or FITNESS FOR A PARTICULAR PURPOSE.

configure:12576: $? = 0
configure:12565: g++ -v >&5
Using built-in specs.
COLLECT_GCC=g++
COLLECT_LTO_WRAPPER=/usr/lib/gcc/i686-linux-gnu/4.6/lto-wrapper
Target: i686-linux-gnu
Configured with: ../src/configure -v --with-pkgversion='Ubuntu/Linaro 4.6.3-1ubuntu5' --with-bugurl=file:///usr/share/doc/gcc-4.6/README.Bugs --enable-languages=c,c++,fortran,objc,obj-c++ --prefix=/usr --program-suffix=-4.6 --enable-shared --enable-linker-build-id --with-system-zlib --libexecdir=/usr/lib --without-included-gettext --enable-threads=posix --with-gxx-include-dir=/usr/include/c++/4.6 --libdir=/usr/lib --enable-nls --with-sysroot=/ --enable-clocale=gnu --enable-libstdcxx-debug --enable-libstdcxx-time=yes --enable-gnu-unique-object --enable-plugin --enable-objc-gc --enable-targets=all --disable-werror --with-arch-32=i686 --with-tune=generic --enable-checking=release --build=i686-linux-gnu --host=i686-linux-gnu --target=i686-linux-gnu
Thread model: posix
gcc version 4.6.3 (Ubuntu/Linaro 4.6.3-1ubuntu5) 
configure:12576: $? = 0
configure:12565: g++ -V >&5
g++: error: unrecognized option '-V'
g++: fatal error: no input files
compilation terminated.
configure:12576: $? = 4
configure:12565: g++ -qversion >&5
g++: error: unrecognized option '-qversion'
g++: fatal error: no input files
compilation terminated.
configure:12576: $? = 4
configure:12580: checking whether we are using the GNU C++ compiler
configure:12599: g++ -c   conftest.cpp >&5
configure:12599: $? = 0
configure:12608: result: yes
configure:12617: checking whether g++ accepts -g
configure:12637: g++ -c -g  conftest.cpp >&5
configure:12637: $? = 0
configure:12678: result: yes
configure:12703: checking dependency style of g++
configure:12814: result: gcc3
configure:12952: checking for C++ compiler version
configure:12961: g++ --version >&5
g++ (Ubuntu/Linaro 4.6.3-1ubuntu5) 4.6.3
Copyright (C) 2011 Free Software Foundation, Inc.
This is free software; see the source for copying conditions.  There is NO
warranty; not even for MERCHANTABILITY or FITNESS FOR A PARTICULAR PURPOSE.

configure:12972: $? = 0
configure:12961: g++ -v >&5
Using built-in specs.
COLLECT_GCC=g++
COLLECT_LTO_WRAPPER=/usr/lib/gcc/i686-linux-gnu/4.6/lto-wrapper
Target: i686-linux-gnu
Configured with: ../src/configure -v --with-pkgversion='Ubuntu/Linaro 4.6.3-1ubuntu5' --with-bugurl=file:///usr/share/doc/gcc-4.6/README.Bugs --enable-languages=c,c++,fortran,objc,obj-c++ --prefix=/usr --program-suffix=-4.6 --enable-shared --enable-linker-build-id --with-system-zlib --libexecdir=/usr/lib --without-included-gettext --enable-threads=posix --with-gxx-include-dir=/usr/include/c++/4.6 --libdir=/usr/lib --enable-nls --with-sysroot=/ --enable-clocale=gnu --enable-libstdcxx-debug --enable-libstdcxx-time=yes --enable-gnu-unique-object --enable-plugin --enable-objc-gc --enable-targets=all --disable-werror --with-arch-32=i686 --with-tune=generic --enable-checking=release --build=i686-linux-gnu --host=i686-linux-gnu --target=i686-linux-gnu
Thread model: posix
gcc version 4.6.3 (Ubuntu/Linaro 4.6.3-1ubuntu5) 
configure:12972: $? = 0
configure:12961: g++ -V >&5
g++: error: unrecognized option '-V'
g++: fatal error: no input files
compilation terminated.
configure:12972: $? = 4
configure:12961: g++ -qversion >&5
g++: error: unrecognized option '-qversion'
g++: fatal error: no input files
compilation terminated.
configure:12972: $? = 4
configure:12976: checking whether we are using the GNU C++ compiler
configure:13004: result: yes
configure:13013: checking whether g++ accepts -g
configure:13074: result: yes
configure:13099: checking dependency style of g++
configure:13210: result: gcc3
configure:13232: checking how to run the C++ preprocessor
configure:13259: g++ -E  conftest.cpp
configure:13259: $? = 0
configure:13273: g++ -E  conftest.cpp
conftest.cpp:25:28: fatal error: ac_nonexistent.h: No such file or directory
compilation terminated.
configure:13273: $? = 1
configure: failed program was:
| /* confdefs.h */
| #define PACKAGE_NAME "glm"
| #define PACKAGE_TARNAME "glm"
| #define PACKAGE_VERSION "0.3.1"
| #define PACKAGE_STRING "glm 0.3.1"
| #define PACKAGE_BUGREPORT ""
| #define PACKAGE_URL ""
| #define PACKAGE "glm"
| #define VERSION "0.3.1"
| #define STDC_HEADERS 1
| #define HAVE_SYS_TYPES_H 1
| #define HAVE_SYS_STAT_H 1
| #define HAVE_STDLIB_H 1
| #define HAVE_STRING_H 1
| #define HAVE_MEMORY_H 1
| #define HAVE_STRINGS_H 1
| #define HAVE_INTTYPES_H 1
| #define HAVE_STDINT_H 1
| #define HAVE_UNISTD_H 1
| #define HAVE_DLFCN_H 1
| #define LT_OBJDIR ".libs/"
| #define HAVE_STRDUP 1
| #define HAVE_PTHREAD 1
| /* end confdefs.h.  */
| #include <ac_nonexistent.h>
configure:13298: result: g++ -E
configure:13318: g++ -E  conftest.cpp
configure:13318: $? = 0
configure:13332: g++ -E  conftest.cpp
conftest.cpp:25:28: fatal error: ac_nonexistent.h: No such file or directory
compilation terminated.
configure:13332: $? = 1
configure: failed program was:
| /* confdefs.h */
| #define PACKAGE_NAME "glm"
| #define PACKAGE_TARNAME "glm"
| #define PACKAGE_VERSION "0.3.1"
| #define PACKAGE_STRING "glm 0.3.1"
| #define PACKAGE_BUGREPORT ""
| #define PACKAGE_URL ""
| #define PACKAGE "glm"
| #define VERSION "0.3.1"
| #define STDC_HEADERS 1
| #define HAVE_SYS_TYPES_H 1
| #define HAVE_SYS_STAT_H 1
| #define HAVE_STDLIB_H 1
| #define HAVE_STRING_H 1
| #define HAVE_MEMORY_H 1
| #define HAVE_STRINGS_H 1
| #define HAVE_INTTYPES_H 1
| #define HAVE_STDINT_H 1
| #define HAVE_UNISTD_H 1
| #define HAVE_DLFCN_H 1
| #define LT_OBJDIR ".libs/"
| #define HAVE_STRDUP 1
| #define HAVE_PTHREAD 1
| /* end confdefs.h.  */
| #include <ac_nonexistent.h>
configure:13501: checking for ld used by g++
configure:13568: result: /usr/bin/ld
configure:13575: checking if the linker (/usr/bin/ld) is GNU ld
configure:13590: result: yes
configure:13645: checking whether the g++ linker (/usr/bin/ld) supports shared libraries
configure:14650: result: yes
configure:14686: g++ -c -g -O2  conftest.cpp >&5
configure:14689: $? = 0
configure:15209: checking for g++ option to produce PIC
configure:15216: result: -fPIC -DPIC
configure:15224: checking if g++ PIC flag -fPIC -DPIC works
configure:15242: g++ -c -g -O2  -fPIC -DPIC -DPIC conftest.cpp >&5
configure:15246: $? = 0
configure:15259: result: yes
configure:15282: checking if g++ static flag -static works
configure:15310: result: yes
configure:15322: checking if g++ supports -c -o file.o
configure:15343: g++ -c -g -O2  -o out/conftest2.o conftest.cpp >&5
configure:15347: $? = 0
configure:15369: result: yes
configure:15374: checking if g++ supports -c -o file.o
configure:15421: result: yes
configure:15451: checking whether the g++ linker (/usr/bin/ld) supports shared libraries
configure:15490: result: yes
configure:15631: checking dynamic linker characteristics
configure:16310: result: GNU/Linux ld.so
configure:16363: checking how to hardcode library paths into programs
configure:16388: result: immediate
configure:16430: checking for OpenGL Utility library
configure:16483: g++ -o conftest -g -O2 -pthread   conftest.cpp -lglu32 -lGL  -lm  >&5
/usr/bin/ld: cannot find -lglu32
collect2: ld returned 1 exit status
configure:16483: $? = 1
configure: failed program was:
| /* confdefs.h */
| #define PACKAGE_NAME "glm"
| #define PACKAGE_TARNAME "glm"
| #define PACKAGE_VERSION "0.3.1"
| #define PACKAGE_STRING "glm 0.3.1"
| #define PACKAGE_BUGREPORT ""
| #define PACKAGE_URL ""
| #define PACKAGE "glm"
| #define VERSION "0.3.1"
| #define STDC_HEADERS 1
| #define HAVE_SYS_TYPES_H 1
| #define HAVE_SYS_STAT_H 1
| #define HAVE_STDLIB_H 1
| #define HAVE_STRING_H 1
| #define HAVE_MEMORY_H 1
| #define HAVE_STRINGS_H 1
| #define HAVE_INTTYPES_H 1
| #define HAVE_STDINT_H 1
| #define HAVE_UNISTD_H 1
| #define HAVE_DLFCN_H 1
| #define LT_OBJDIR ".libs/"
| #define HAVE_STRDUP 1
| #define HAVE_PTHREAD 1
| /* end confdefs.h.  */
| 
| # if HAVE_WINDOWS_H && defined(_WIN32)
| #   include <windows.h>
| # endif
| # include <GL/glu.h>
| int
| main ()
| {
| gluBeginCurve(0)
|   ;
|   return 0;
| }
configure:16483: g++ -o conftest -g -O2 -pthread   conftest.cpp -lGLU -lGL  -lm  >&5
configure:16483: $? = 0
configure:16506: result: -lGLU
configure:16614: g++ -o conftest -g -O2   conftest.cpp   -lX11 >&5
configure:16614: $? = 0
configure:16712: checking for gethostbyname
configure:16712: g++ -o conftest -g -O2   conftest.cpp  >&5
configure:16712: $? = 0
configure:16712: result: yes
configure:16809: checking for connect
configure:16809: g++ -o conftest -g -O2   conftest.cpp  >&5
configure:16809: $? = 0
configure:16809: result: yes
configure:16858: checking for remove
configure:16858: g++ -o conftest -g -O2   conftest.cpp  >&5
configure:16858: $? = 0
configure:16858: result: yes
configure:16907: checking for shmat
configure:16907: g++ -o conftest -g -O2   conftest.cpp  >&5
configure:16907: $? = 0
configure:16907: result: yes
configure:16965: checking for IceConnectionNumber in -lICE
configure:16990: g++ -o conftest -g -O2   conftest.cpp -lICE   >&5
configure:16990: $? = 0
configure:16999: result: yes
configure:17034: checking for GLUT library
configure:17065: gcc -o conftest -g -O2 -pthread   conftest.c -lglut32  -lSM -lICE -lXmu -lXi  -lGLU -lGL  -lm  >&5
/usr/bin/ld: cannot find -lglut32
collect2: ld returned 1 exit status
configure:17065: $? = 1
configure: failed program was:
| /* confdefs.h */
| #define PACKAGE_NAME "glm"
| #define PACKAGE_TARNAME "glm"
| #define PACKAGE_VERSION "0.3.1"
| #define PACKAGE_STRING "glm 0.3.1"
| #define PACKAGE_BUGREPORT ""
| #define PACKAGE_URL ""
| #define PACKAGE "glm"
| #define VERSION "0.3.1"
| #define STDC_HEADERS 1
| #define HAVE_SYS_TYPES_H 1
| #define HAVE_SYS_STAT_H 1
| #define HAVE_STDLIB_H 1
| #define HAVE_STRING_H 1
| #define HAVE_MEMORY_H 1
| #define HAVE_STRINGS_H 1
| #define HAVE_INTTYPES_H 1
| #define HAVE_STDINT_H 1
| #define HAVE_UNISTD_H 1
| #define HAVE_DLFCN_H 1
| #define LT_OBJDIR ".libs/"
| #define HAVE_STRDUP 1
| #define HAVE_PTHREAD 1
| /* end confdefs.h.  */
| 
| # if HAVE_WINDOWS_H && defined(_WIN32)
| #   include <windows.h>
| # endif
| # include <GL/glut.h>
| int
| main ()
| {
| glutMainLoop()
|   ;
|   return 0;
| }
configure:17065: gcc -o conftest -g -O2 -pthread   conftest.c -lglut  -lSM -lICE -lXmu -lXi  -lGLU -lGL  -lm  >&5
configure:17065: $? = 0
configure:17075: result: -lglut
configure:17115: checking for GLUI library
configure:17146: g++ -o conftest -g -O2 -pthread   conftest.cpp -lglui32 -lglut  -lSM -lICE -lXmu -lXi  -lGLU -lGL  -lm  >&5
conftest.cpp:29:22: fatal error: GL/glui.h: No such file or directory
compilation terminated.
configure:17146: $? = 1
configure: failed program was:
| /* confdefs.h */
| #define PACKAGE_NAME "glm"
| #define PACKAGE_TARNAME "glm"
| #define PACKAGE_VERSION "0.3.1"
| #define PACKAGE_STRING "glm 0.3.1"
| #define PACKAGE_BUGREPORT ""
| #define PACKAGE_URL ""
| #define PACKAGE "glm"
| #define VERSION "0.3.1"
| #define STDC_HEADERS 1
| #define HAVE_SYS_TYPES_H 1
| #define HAVE_SYS_STAT_H 1
| #define HAVE_STDLIB_H 1
| #define HAVE_STRING_H 1
| #define HAVE_MEMORY_H 1
| #define HAVE_STRINGS_H 1
| #define HAVE_INTTYPES_H 1
| #define HAVE_STDINT_H 1
| #define HAVE_UNISTD_H 1
| #define HAVE_DLFCN_H 1
| #define LT_OBJDIR ".libs/"
| #define HAVE_STRDUP 1
| #define HAVE_PTHREAD 1
| /* end confdefs.h.  */
| 
| # if HAVE_WINDOWS_H && defined(_WIN32)
| #   include <windows.h>
| # endif
| # include <GL/glui.h>
| int
| main ()
| {
| GLUI_Master.set_glutSpecialFunc( NULL );glutMainLoop()
|   ;
|   return 0;
| }
configure:17146: g++ -o conftest -g -O2 -pthread   conftest.cpp -lglui -lglut  -lSM -lICE -lXmu -lXi  -lGLU -lGL  -lm  >&5
conftest.cpp:29:22: fatal error: GL/glui.h: No such file or directory
compilation terminated.
configure:17146: $? = 1
configure: failed program was:
| /* confdefs.h */
| #define PACKAGE_NAME "glm"
| #define PACKAGE_TARNAME "glm"
| #define PACKAGE_VERSION "0.3.1"
| #define PACKAGE_STRING "glm 0.3.1"
| #define PACKAGE_BUGREPORT ""
| #define PACKAGE_URL ""
| #define PACKAGE "glm"
| #define VERSION "0.3.1"
| #define STDC_HEADERS 1
| #define HAVE_SYS_TYPES_H 1
| #define HAVE_SYS_STAT_H 1
| #define HAVE_STDLIB_H 1
| #define HAVE_STRING_H 1
| #define HAVE_MEMORY_H 1
| #define HAVE_STRINGS_H 1
| #define HAVE_INTTYPES_H 1
| #define HAVE_STDINT_H 1
| #define HAVE_UNISTD_H 1
| #define HAVE_DLFCN_H 1
| #define LT_OBJDIR ".libs/"
| #define HAVE_STRDUP 1
| #define HAVE_PTHREAD 1
| /* end confdefs.h.  */
| 
| # if HAVE_WINDOWS_H && defined(_WIN32)
| #   include <windows.h>
| # endif
| # include <GL/glui.h>
| int
| main ()
| {
| GLUI_Master.set_glutSpecialFunc( NULL );glutMainLoop()
|   ;
|   return 0;
| }
configure:17156: result: no
configure:17196: checking for jpeg_destroy_decompress in -ljpeg
configure:17221: gcc -o conftest -g -O2   conftest.c -ljpeg -lm  >&5
configure:17221: $? = 0
configure:17230: result: yes
configure:17241: checking for jpeglib.h
configure:17250: gcc -E  conftest.c
configure:17250: $? = 0
configure:17256: result: yes
configure:17271: checking for png_create_read_struct in -lpng
configure:17296: gcc -o conftest -g -O2   conftest.c -lpng -lz  >&5
configure:17296: $? = 0
configure:17305: result: yes
configure:17315: checking for uncompress in -lz
configure:17340: gcc -o conftest -g -O2   conftest.c -lz   >&5
configure:17340: $? = 0
configure:17349: result: yes
configure:17472: checking for ilInit in -lIL
configure:17497: gcc -o conftest -g -O2   conftest.c -lIL -lm  >&5
configure:17497: $? = 0
configure:17506: result: yes
configure:17517: checking for IL/il.h
configure:17526: gcc -E  conftest.c
configure:17526: $? = 0
configure:17532: result: yes
configure:17686: WARNING: *** Not using the simage library for loading textures (http://www.coin3d.org)
configure:17879: creating ./config.status

## ---------------------- ##
## Running config.status. ##
## ---------------------- ##

This file was extended by glm config.status 0.3.1, which was
generated by GNU Autoconf 2.68.  Invocation command line was

  CONFIG_FILES    = 
  CONFIG_HEADERS  = 
  CONFIG_LINKS    = 
  CONFIG_COMMANDS = 
  $ ./config.status 

on noccy-desktop

config.status:1196: creating Makefile
config.status:1196: creating glm/Makefile
config.status:1196: creating examples/Makefile
config.status:1196: creating m4/Makefile
config.status:1196: creating glm.spec
config.status:1196: creating config.h
config.status:1425: executing depfiles commands
config.status:1425: executing libtool commands
configure:20382: WARNING: unrecognized options: --enable-maintainer-mode

## ---------------- ##
## Cache variables. ##
## ---------------- ##

ac_cv_build=i686-pc-linux-gnu
ac_cv_c_compiler_gnu=yes
ac_cv_c_inline=inline
ac_cv_cxx_compiler_gnu=yes
ac_cv_env_CCC_set=
ac_cv_env_CCC_value=
ac_cv_env_CC_set=
ac_cv_env_CC_value=
ac_cv_env_CFLAGS_set=
ac_cv_env_CFLAGS_value=
ac_cv_env_CPPFLAGS_set=
ac_cv_env_CPPFLAGS_value=
ac_cv_env_CPP_set=
ac_cv_env_CPP_value=
ac_cv_env_CXXCPP_set=
ac_cv_env_CXXCPP_value=
ac_cv_env_CXXFLAGS_set=
ac_cv_env_CXXFLAGS_value=
ac_cv_env_CXX_set=
ac_cv_env_CXX_value=
ac_cv_env_LDFLAGS_set=
ac_cv_env_LDFLAGS_value=
ac_cv_env_LIBS_set=
ac_cv_env_LIBS_value=
ac_cv_env_XMKMF_set=
ac_cv_env_XMKMF_value=
ac_cv_env_build_alias_set=
ac_cv_env_build_alias_value=
ac_cv_env_host_alias_set=
ac_cv_env_host_alias_value=
ac_cv_env_target_alias_set=
ac_cv_env_target_alias_value=
ac_cv_func_connect=yes
ac_cv_func_gethostbyname=yes
ac_cv_func_remove=yes
ac_cv_func_shmat=yes
ac_cv_func_strdup=yes
ac_cv_have_x='have_x=yes	ac_x_includes='\'''\''	ac_x_libraries='\'''\'''
ac_cv_header_dlfcn_h=yes
ac_cv_header_inttypes_h=yes
ac_cv_header_memory_h=yes
ac_cv_header_stdc=yes
ac_cv_header_stdint_h=yes
ac_cv_header_stdlib_h=yes
ac_cv_header_string_h=yes
ac_cv_header_strings_h=yes
ac_cv_header_sys_stat_h=yes
ac_cv_header_sys_types_h=yes
ac_cv_header_unistd_h=yes
ac_cv_header_windows_h=no
ac_cv_host=i686-pc-linux-gnu
ac_cv_lib_ICE_IceConnectionNumber=yes
ac_cv_lib_IL_ilInit=yes
ac_cv_lib_jpeg_jpeg_destroy_decompress=yes
ac_cv_lib_png_png_create_read_struct=yes
ac_cv_lib_z_uncompress=yes
ac_cv_objext=o
ac_cv_path_EGREP='/bin/grep -E'
ac_cv_path_FGREP='/bin/grep -F'
ac_cv_path_GREP=/bin/grep
ac_cv_path_SED=/bin/sed
ac_cv_path_install='/usr/bin/install -c'
ac_cv_path_mkdir=/bin/mkdir
ac_cv_prog_AWK=gawk
ac_cv_prog_CPP='gcc -E'
ac_cv_prog_CXXCPP='g++ -E'
ac_cv_prog_PTHREAD_CC=gcc
ac_cv_prog_ac_ct_AR=ar
ac_cv_prog_ac_ct_CC=gcc
ac_cv_prog_ac_ct_CXX=g++
ac_cv_prog_ac_ct_MANIFEST_TOOL=mt
ac_cv_prog_ac_ct_OBJDUMP=objdump
ac_cv_prog_ac_ct_RANLIB=ranlib
ac_cv_prog_ac_ct_STRIP=strip
ac_cv_prog_cc_c89=
ac_cv_prog_cc_g=yes
ac_cv_prog_cc_gcc_c_o=yes
ac_cv_prog_cxx_g=yes
ac_cv_prog_make_make_set=yes
ac_cv_target=i686-pc-linux-gnu
am_cv_CC_dependencies_compiler_type=gcc3
am_cv_CXX_dependencies_compiler_type=gcc3
ax_cv_c_compiler_ms=no
ax_cv_check_gl_libgl=-lGL
ax_cv_check_glu_libglu=-lGLU
ax_cv_check_glui_libglui=no
ax_cv_check_glut_libglut=-lglut
lt_cv_ar_at_file=@
lt_cv_deplibs_check_method=pass_all
lt_cv_file_magic_cmd='$MAGIC_CMD'
lt_cv_file_magic_test_file=
lt_cv_ld_reload_flag=-r
lt_cv_nm_interface='BSD nm'
lt_cv_objdir=.libs
lt_cv_path_LD=/usr/bin/ld
lt_cv_path_LDCXX=/usr/bin/ld
lt_cv_path_NM='/usr/bin/nm -B'
lt_cv_path_mainfest_tool=no
lt_cv_prog_compiler_c_o=yes
lt_cv_prog_compiler_c_o_CXX=yes
lt_cv_prog_compiler_pic='-fPIC -DPIC'
lt_cv_prog_compiler_pic_CXX='-fPIC -DPIC'
lt_cv_prog_compiler_pic_works=yes
lt_cv_prog_compiler_pic_works_CXX=yes
lt_cv_prog_compiler_rtti_exceptions=no
lt_cv_prog_compiler_static_works=yes
lt_cv_prog_compiler_static_works_CXX=yes
lt_cv_prog_gnu_ld=yes
lt_cv_prog_gnu_ldcxx=yes
lt_cv_sharedlib_from_linklib_cmd='printf %s\n'
lt_cv_shlibpath_overrides_runpath=no
lt_cv_sys_global_symbol_pipe='sed -n -e '\''s/^.*[	 ]\([ABCDGIRSTW][ABCDGIRSTW]*\)[	 ][	 ]*\([_A-Za-z][_A-Za-z0-9]*\)$/\1 \2 \2/p'\'' | sed '\''/ __gnu_lto/d'\'''
lt_cv_sys_global_symbol_to_c_name_address='sed -n -e '\''s/^: \([^ ]*\)[ ]*$/  {\"\1\", (void *) 0},/p'\'' -e '\''s/^[ABCDGIRSTW]* \([^ ]*\) \([^ ]*\)$/  {"\2", (void *) \&\2},/p'\'''
lt_cv_sys_global_symbol_to_c_name_address_lib_prefix='sed -n -e '\''s/^: \([^ ]*\)[ ]*$/  {\"\1\", (void *) 0},/p'\'' -e '\''s/^[ABCDGIRSTW]* \([^ ]*\) \(lib[^ ]*\)$/  {"\2", (void *) \&\2},/p'\'' -e '\''s/^[ABCDGIRSTW]* \([^ ]*\) \([^ ]*\)$/  {"lib\2", (void *) \&\2},/p'\'''
lt_cv_sys_global_symbol_to_cdecl='sed -n -e '\''s/^T .* \(.*\)$/extern int \1();/p'\'' -e '\''s/^[ABCDGIRSTW]* .* \(.*\)$/extern char \1;/p'\'''
lt_cv_sys_max_cmd_len=1572864
lt_cv_to_host_file_cmd=func_convert_file_noop
lt_cv_to_tool_file_cmd=func_convert_file_noop

## ----------------- ##
## Output variables. ##
## ----------------- ##

ACLOCAL='${SHELL} /home/noccy/Development/c/fenix/lib/glm-0.3.1/missing --run aclocal-1.11'
AMDEPBACKSLASH='\'
AMDEP_FALSE='#'
AMDEP_TRUE=''
AMTAR='$${TAR-tar}'
AR='ar'
AUTOCONF='${SHELL} /home/noccy/Development/c/fenix/lib/glm-0.3.1/missing --run autoconf'
AUTOHEADER='${SHELL} /home/noccy/Development/c/fenix/lib/glm-0.3.1/missing --run autoheader'
AUTOMAKE='${SHELL} /home/noccy/Development/c/fenix/lib/glm-0.3.1/missing --run automake-1.11'
AWK='gawk'
CC='gcc'
CCDEPMODE='depmode=gcc3'
CFLAGS='-g -O2'
CPP='gcc -E'
CPPFLAGS=''
CXX='g++'
CXXCPP='g++ -E'
CXXDEPMODE='depmode=gcc3'
CXXFLAGS='-g -O2'
CYGPATH_W='echo'
DEFS='-DHAVE_CONFIG_H'
DEPDIR='.deps'
DEVILLIBS='-lIL'
DLLTOOL='false'
DSYMUTIL=''
DUMPBIN=''
ECHO_C=''
ECHO_N='-n'
ECHO_T=''
EGREP='/bin/grep -E'
EXEEXT=''
FGREP='/bin/grep -F'
GLUI_CFLAGS=''
GLUI_LIBS=''
GLUT_CFLAGS='-pthread'
GLUT_LIBS='-lglut  -lSM -lICE -lXmu -lXi  -lGLU -lGL  -lm'
GLU_CFLAGS='-pthread'
GLU_LIBS='-lGLU -lGL  -lm'
GL_CFLAGS='-pthread'
GL_LIBS='-lGL  -lm'
GREP='/bin/grep'
HAVE_GIF_FALSE=''
HAVE_GIF_TRUE='#'
HAVE_GLUI_FALSE=''
HAVE_GLUI_TRUE='#'
HAVE_GLUT_FALSE='#'
HAVE_GLUT_TRUE=''
HAVE_SDL_IMAGE_FALSE=''
HAVE_SDL_IMAGE_TRUE='#'
HAVE_TIFF_FALSE=''
HAVE_TIFF_TRUE='#'
INSTALL_DATA='${INSTALL} -m 644'
INSTALL_PROGRAM='${INSTALL}'
INSTALL_SCRIPT='${INSTALL}'
INSTALL_STRIP_PROGRAM='$(install_sh) -c -s'
JPEGLIBS='-ljpeg'
LD='/usr/bin/ld'
LDFLAGS=''
LIBOBJS=''
LIBS=''
LIBTOOL='$(SHELL) $(top_builddir)/libtool'
LIPO=''
LN_S='ln -s'
LTLIBOBJS=''
MAKEINFO='${SHELL} /home/noccy/Development/c/fenix/lib/glm-0.3.1/missing --run makeinfo'
MANIFEST_TOOL=':'
MKDIR_P='/bin/mkdir -p'
NM='/usr/bin/nm -B'
NMEDIT=''
OBJDUMP='objdump'
OBJEXT='o'
OTOOL64=''
OTOOL=''
PACKAGE='glm'
PACKAGE_BUGREPORT=''
PACKAGE_NAME='glm'
PACKAGE_STRING='glm 0.3.1'
PACKAGE_TARNAME='glm'
PACKAGE_URL=''
PACKAGE_VERSION='0.3.1'
PATH_SEPARATOR=':'
PTHREAD_CC='gcc'
PTHREAD_CFLAGS='-pthread'
PTHREAD_LIBS=''
RANLIB='ranlib'
SDL_IMAGELIBS=''
SED='/bin/sed'
SET_MAKE=''
SHELL='/bin/bash'
STRIP='strip'
SUPPORT_LIBS=' -ljpeg -lpng -lz -lIL'
VERSION='0.3.1'
WARN_CFLAGS='-Wall -Wmissing-prototypes '
XMKMF=''
X_CFLAGS=''
X_EXTRA_LIBS=''
X_LIBS=''
X_PRE_LIBS=' -lSM -lICE'
ac_ct_AR='ar'
ac_ct_CC='gcc'
ac_ct_CXX='g++'
ac_ct_DUMPBIN=''
am__EXEEXT_FALSE=''
am__EXEEXT_TRUE='#'
am__fastdepCC_FALSE='#'
am__fastdepCC_TRUE=''
am__fastdepCXX_FALSE='#'
am__fastdepCXX_TRUE=''
am__include='include'
am__isrc=''
am__leading_dot='.'
am__nodep='_no'
am__quote=''
am__tar='$${TAR-tar} chof - "$$tardir"'
am__untar='$${TAR-tar} xf -'
bindir='${exec_prefix}/bin'
build='i686-pc-linux-gnu'
build_alias=''
build_cpu='i686'
build_os='linux-gnu'
build_vendor='pc'
datadir='${datarootdir}'
datarootdir='${prefix}/share'
docdir='${datarootdir}/doc/${PACKAGE_TARNAME}'
dvidir='${docdir}'
exec_prefix='${prefix}'
host='i686-pc-linux-gnu'
host_alias=''
host_cpu='i686'
host_os='linux-gnu'
host_vendor='pc'
htmldir='${docdir}'
includedir='${prefix}/include'
infodir='${datarootdir}/info'
install_sh='${SHELL} /home/noccy/Development/c/fenix/lib/glm-0.3.1/install-sh'
libdir='${exec_prefix}/lib'
libexecdir='${exec_prefix}/libexec'
localedir='${datarootdir}/locale'
localstatedir='${prefix}/var'
mandir='${datarootdir}/man'
mkdir_p='/bin/mkdir -p'
oldincludedir='/usr/include'
pdfdir='${docdir}'
prefix='/usr/local'
program_transform_name='s,x,x,'
psdir='${docdir}'
sbindir='${exec_prefix}/sbin'
sharedstatedir='${prefix}/com'
sim_ac_simage_configcmd=''
sysconfdir='${prefix}/etc'
target='i686-pc-linux-gnu'
target_alias=''
target_cpu='i686'
target_os='linux-gnu'
target_vendor='pc'

## ----------- ##
## confdefs.h. ##
## ----------- ##

/* confdefs.h */
#define PACKAGE_NAME "glm"
#define PACKAGE_TARNAME "glm"
#define PACKAGE_VERSION "0.3.1"
#define PACKAGE_STRING "glm 0.3.1"
#define PACKAGE_BUGREPORT ""
#define PACKAGE_URL ""
#define PACKAGE "glm"
#define VERSION "0.3.1"
#define STDC_HEADERS 1
#define HAVE_SYS_TYPES_H 1
#define HAVE_SYS_STAT_H 1
#define HAVE_STDLIB_H 1
#define HAVE_STRING_H 1
#define HAVE_MEMORY_H 1
#define HAVE_STRINGS_H 1
#define HAVE_INTTYPES_H 1
#define HAVE_STDINT_H 1
#define HAVE_UNISTD_H 1
#define HAVE_DLFCN_H 1
#define LT_OBJDIR ".libs/"
#define HAVE_STRDUP 1
#define HAVE_PTHREAD 1
#define HAVE_LIBJPEG 1
#define HAVE_LIBPNG 1
#define HAVE_DEVIL 1

configure: exit 0
